{"/Users/madsbjerre/Development/dkfds-vue3/packages/utils/src/index.ts": {"path":"/Users/madsbjerre/Development/dkfds-vue3/packages/utils/src/index.ts","all":true,"statementMap":{"0":{"start":{"line":1,"column":0},"end":{"line":1,"column":29}},"1":{"start":{"line":2,"column":0},"end":{"line":2,"column":26}},"2":{"start":{"line":3,"column":0},"end":{"line":3,"column":24}},"3":{"start":{"line":4,"column":0},"end":{"line":4,"column":25}}},"s":{"0":0,"1":0,"2":0,"3":0},"branchMap":{"0":{"type":"branch","line":1,"loc":{"start":{"line":1,"column":107},"end":{"line":4,"column":25}},"locations":[{"start":{"line":1,"column":107},"end":{"line":4,"column":25}}]}},"b":{"0":[0]},"fnMap":{"0":{"name":"(empty-report)","decl":{"start":{"line":1,"column":107},"end":{"line":4,"column":25}},"loc":{"start":{"line":1,"column":107},"end":{"line":4,"column":25}},"line":1}},"f":{"0":0}}
,"/Users/madsbjerre/Development/dkfds-vue3/packages/utils/src/composable/formId.ts": {"path":"/Users/madsbjerre/Development/dkfds-vue3/packages/utils/src/composable/formId.ts","all":true,"statementMap":{"0":{"start":{"line":1,"column":0},"end":{"line":1,"column":44}},"1":{"start":{"line":2,"column":0},"end":{"line":2,"column":32}},"9":{"start":{"line":10,"column":0},"end":{"line":10,"column":83}},"10":{"start":{"line":11,"column":0},"end":{"line":11,"column":59}},"11":{"start":{"line":12,"column":0},"end":{"line":12,"column":53}},"12":{"start":{"line":13,"column":0},"end":{"line":13,"column":33}},"13":{"start":{"line":14,"column":0},"end":{"line":14,"column":41}},"14":{"start":{"line":15,"column":0},"end":{"line":15,"column":66}},"15":{"start":{"line":16,"column":0},"end":{"line":16,"column":5}},"16":{"start":{"line":17,"column":0},"end":{"line":17,"column":38}},"17":{"start":{"line":18,"column":0},"end":{"line":18,"column":5}},"18":{"start":{"line":19,"column":0},"end":{"line":19,"column":20}},"19":{"start":{"line":20,"column":0},"end":{"line":20,"column":1}}},"s":{"0":0,"1":0,"9":0,"10":0,"11":0,"12":0,"13":0,"14":0,"15":0,"16":0,"17":0,"18":0,"19":0},"branchMap":{"0":{"type":"branch","line":1,"loc":{"start":{"line":1,"column":641},"end":{"line":20,"column":1}},"locations":[{"start":{"line":1,"column":641},"end":{"line":20,"column":1}}]}},"b":{"0":[0]},"fnMap":{"0":{"name":"(empty-report)","decl":{"start":{"line":1,"column":641},"end":{"line":20,"column":1}},"loc":{"start":{"line":1,"column":641},"end":{"line":20,"column":1}},"line":1}},"f":{"0":0}}
,"/Users/madsbjerre/Development/dkfds-vue3/packages/utils/src/composable/generateId.ts": {"path":"/Users/madsbjerre/Development/dkfds-vue3/packages/utils/src/composable/generateId.ts","all":false,"statementMap":{"0":{"start":{"line":1,"column":0},"end":{"line":1,"column":26}},"1":{"start":{"line":2,"column":0},"end":{"line":2,"column":34}},"3":{"start":{"line":4,"column":0},"end":{"line":4,"column":65}},"4":{"start":{"line":5,"column":0},"end":{"line":5,"column":64}},"5":{"start":{"line":6,"column":0},"end":{"line":6,"column":21}},"6":{"start":{"line":7,"column":0},"end":{"line":7,"column":1}}},"s":{"0":1,"1":1,"3":8,"4":8,"5":8,"6":8},"branchMap":{"0":{"type":"branch","line":4,"loc":{"start":{"line":4,"column":0},"end":{"line":7,"column":1}},"locations":[{"start":{"line":4,"column":0},"end":{"line":7,"column":1}}]},"1":{"type":"branch","line":5,"loc":{"start":{"line":5,"column":17},"end":{"line":5,"column":64}},"locations":[{"start":{"line":5,"column":17},"end":{"line":5,"column":64}}]}},"b":{"0":[8],"1":[6]},"fnMap":{"0":{"name":"generateId","decl":{"start":{"line":4,"column":0},"end":{"line":7,"column":1}},"loc":{"start":{"line":4,"column":0},"end":{"line":7,"column":1}},"line":4}},"f":{"0":8}}
,"/Users/madsbjerre/Development/dkfds-vue3/packages/utils/src/composable/index.ts": {"path":"/Users/madsbjerre/Development/dkfds-vue3/packages/utils/src/composable/index.ts","all":true,"statementMap":{"0":{"start":{"line":1,"column":0},"end":{"line":1,"column":45}},"1":{"start":{"line":2,"column":0},"end":{"line":2,"column":53}}},"s":{"0":0,"1":0},"branchMap":{"0":{"type":"branch","line":1,"loc":{"start":{"line":1,"column":99},"end":{"line":2,"column":53}},"locations":[{"start":{"line":1,"column":99},"end":{"line":2,"column":53}}]}},"b":{"0":[0]},"fnMap":{"0":{"name":"(empty-report)","decl":{"start":{"line":1,"column":99},"end":{"line":2,"column":53}},"loc":{"start":{"line":1,"column":99},"end":{"line":2,"column":53}},"line":1}},"f":{"0":0}}
,"/Users/madsbjerre/Development/dkfds-vue3/packages/utils/src/models/fds.model.ts": {"path":"/Users/madsbjerre/Development/dkfds-vue3/packages/utils/src/models/fds.model.ts","all":true,"statementMap":{"0":{"start":{"line":1,"column":0},"end":{"line":1,"column":28}},"1":{"start":{"line":2,"column":0},"end":{"line":2,"column":22}},"2":{"start":{"line":3,"column":0},"end":{"line":3,"column":26}},"3":{"start":{"line":4,"column":0},"end":{"line":4,"column":24}},"4":{"start":{"line":5,"column":0},"end":{"line":5,"column":28}},"5":{"start":{"line":6,"column":0},"end":{"line":6,"column":16}},"6":{"start":{"line":7,"column":0},"end":{"line":7,"column":22}},"7":{"start":{"line":8,"column":0},"end":{"line":8,"column":22}},"8":{"start":{"line":9,"column":0},"end":{"line":9,"column":18}}},"s":{"0":0,"1":0,"2":0,"3":0,"4":0,"5":0,"6":0,"7":0,"8":0},"branchMap":{"0":{"type":"branch","line":1,"loc":{"start":{"line":1,"column":1490},"end":{"line":77,"column":1}},"locations":[{"start":{"line":1,"column":1490},"end":{"line":77,"column":1}}]}},"b":{"0":[0]},"fnMap":{"0":{"name":"(empty-report)","decl":{"start":{"line":1,"column":1490},"end":{"line":77,"column":1}},"loc":{"start":{"line":1,"column":1490},"end":{"line":77,"column":1}},"line":1}},"f":{"0":0}}
,"/Users/madsbjerre/Development/dkfds-vue3/packages/utils/src/models/index.ts": {"path":"/Users/madsbjerre/Development/dkfds-vue3/packages/utils/src/models/index.ts","all":true,"statementMap":{"0":{"start":{"line":1,"column":0},"end":{"line":1,"column":28}}},"s":{"0":0},"branchMap":{"0":{"type":"branch","line":1,"loc":{"start":{"line":1,"column":0},"end":{"line":1,"column":28}},"locations":[{"start":{"line":1,"column":0},"end":{"line":1,"column":28}}]}},"b":{"0":[0]},"fnMap":{"0":{"name":"(empty-report)","decl":{"start":{"line":1,"column":0},"end":{"line":1,"column":28}},"loc":{"start":{"line":1,"column":0},"end":{"line":1,"column":28}},"line":1}},"f":{"0":0}}
,"/Users/madsbjerre/Development/dkfds-vue3/packages/utils/src/scripts/breakpoints.ts": {"path":"/Users/madsbjerre/Development/dkfds-vue3/packages/utils/src/scripts/breakpoints.ts","all":true,"statementMap":{"0":{"start":{"line":1,"column":0},"end":{"line":1,"column":21}},"1":{"start":{"line":2,"column":0},"end":{"line":2,"column":8}},"2":{"start":{"line":3,"column":0},"end":{"line":3,"column":10}},"3":{"start":{"line":4,"column":0},"end":{"line":4,"column":10}},"4":{"start":{"line":5,"column":0},"end":{"line":5,"column":10}},"5":{"start":{"line":6,"column":0},"end":{"line":6,"column":11}},"6":{"start":{"line":7,"column":0},"end":{"line":7,"column":2}},"8":{"start":{"line":9,"column":0},"end":{"line":9,"column":27}}},"s":{"0":0,"1":0,"2":0,"3":0,"4":0,"5":0,"6":0,"8":0},"branchMap":{"0":{"type":"branch","line":1,"loc":{"start":{"line":1,"column":115},"end":{"line":9,"column":27}},"locations":[{"start":{"line":1,"column":115},"end":{"line":9,"column":27}}]}},"b":{"0":[0]},"fnMap":{"0":{"name":"(empty-report)","decl":{"start":{"line":1,"column":115},"end":{"line":9,"column":27}},"loc":{"start":{"line":1,"column":115},"end":{"line":9,"column":27}},"line":1}},"f":{"0":0}}
,"/Users/madsbjerre/Development/dkfds-vue3/packages/utils/src/scripts/dropdown.ts": {"path":"/Users/madsbjerre/Development/dkfds-vue3/packages/utils/src/scripts/dropdown.ts","all":true,"statementMap":{"0":{"start":{"line":1,"column":0},"end":{"line":1,"column":40}},"6":{"start":{"line":7,"column":0},"end":{"line":7,"column":36}},"7":{"start":{"line":8,"column":0},"end":{"line":8,"column":29}},"9":{"start":{"line":10,"column":0},"end":{"line":10,"column":24}},"11":{"start":{"line":12,"column":0},"end":{"line":12,"column":40}},"13":{"start":{"line":14,"column":0},"end":{"line":14,"column":47}},"15":{"start":{"line":16,"column":0},"end":{"line":16,"column":205}},"17":{"start":{"line":18,"column":0},"end":{"line":18,"column":35}},"19":{"start":{"line":20,"column":0},"end":{"line":20,"column":65}},"20":{"start":{"line":21,"column":0},"end":{"line":21,"column":28}},"21":{"start":{"line":22,"column":0},"end":{"line":22,"column":76}},"22":{"start":{"line":23,"column":0},"end":{"line":23,"column":5}},"24":{"start":{"line":25,"column":0},"end":{"line":25,"column":42}},"26":{"start":{"line":27,"column":0},"end":{"line":27,"column":77}},"27":{"start":{"line":28,"column":0},"end":{"line":28,"column":22}},"28":{"start":{"line":29,"column":0},"end":{"line":29,"column":22}},"29":{"start":{"line":30,"column":0},"end":{"line":30,"column":91}},"30":{"start":{"line":31,"column":0},"end":{"line":31,"column":8}},"31":{"start":{"line":32,"column":0},"end":{"line":32,"column":5}},"32":{"start":{"line":33,"column":0},"end":{"line":33,"column":74}},"33":{"start":{"line":34,"column":0},"end":{"line":34,"column":20}},"34":{"start":{"line":35,"column":0},"end":{"line":35,"column":79}},"35":{"start":{"line":36,"column":0},"end":{"line":36,"column":5}},"36":{"start":{"line":37,"column":0},"end":{"line":37,"column":29}},"37":{"start":{"line":38,"column":0},"end":{"line":38,"column":3}},"39":{"start":{"line":40,"column":0},"end":{"line":40,"column":10}},"40":{"start":{"line":41,"column":0},"end":{"line":41,"column":46}},"41":{"start":{"line":42,"column":0},"end":{"line":42,"column":10}},"42":{"start":{"line":43,"column":0},"end":{"line":43,"column":70}},"43":{"start":{"line":44,"column":0},"end":{"line":44,"column":44}},"44":{"start":{"line":45,"column":0},"end":{"line":45,"column":12}},"45":{"start":{"line":46,"column":0},"end":{"line":46,"column":70}},"46":{"start":{"line":47,"column":0},"end":{"line":47,"column":44}},"47":{"start":{"line":48,"column":0},"end":{"line":48,"column":9}},"48":{"start":{"line":49,"column":0},"end":{"line":49,"column":9}},"49":{"start":{"line":50,"column":0},"end":{"line":50,"column":50}},"50":{"start":{"line":51,"column":0},"end":{"line":51,"column":7}},"53":{"start":{"line":54,"column":0},"end":{"line":54,"column":95}},"54":{"start":{"line":55,"column":0},"end":{"line":55,"column":92}},"56":{"start":{"line":57,"column":0},"end":{"line":57,"column":85}},"57":{"start":{"line":58,"column":0},"end":{"line":58,"column":82}},"59":{"start":{"line":60,"column":0},"end":{"line":60,"column":36}},"61":{"start":{"line":62,"column":0},"end":{"line":62,"column":41}},"62":{"start":{"line":63,"column":0},"end":{"line":63,"column":40}},"64":{"start":{"line":65,"column":0},"end":{"line":65,"column":50}},"65":{"start":{"line":66,"column":0},"end":{"line":66,"column":24}},"67":{"start":{"line":68,"column":0},"end":{"line":68,"column":47}},"68":{"start":{"line":69,"column":0},"end":{"line":69,"column":70}},"69":{"start":{"line":70,"column":0},"end":{"line":70,"column":60}},"70":{"start":{"line":71,"column":0},"end":{"line":71,"column":15}},"71":{"start":{"line":72,"column":0},"end":{"line":72,"column":20}},"74":{"start":{"line":75,"column":0},"end":{"line":75,"column":67}},"75":{"start":{"line":76,"column":0},"end":{"line":76,"column":61}},"76":{"start":{"line":77,"column":0},"end":{"line":77,"column":15}},"77":{"start":{"line":78,"column":0},"end":{"line":78,"column":13}},"78":{"start":{"line":79,"column":0},"end":{"line":79,"column":12}},"79":{"start":{"line":80,"column":0},"end":{"line":80,"column":11}},"80":{"start":{"line":81,"column":0},"end":{"line":81,"column":32}},"81":{"start":{"line":82,"column":0},"end":{"line":82,"column":12}},"82":{"start":{"line":83,"column":0},"end":{"line":83,"column":10}},"83":{"start":{"line":84,"column":0},"end":{"line":84,"column":34}},"84":{"start":{"line":85,"column":0},"end":{"line":85,"column":7}},"86":{"start":{"line":87,"column":0},"end":{"line":87,"column":74}},"87":{"start":{"line":88,"column":0},"end":{"line":88,"column":71}},"88":{"start":{"line":89,"column":0},"end":{"line":89,"column":5}},"89":{"start":{"line":90,"column":0},"end":{"line":90,"column":3}},"91":{"start":{"line":92,"column":0},"end":{"line":92,"column":10}},"92":{"start":{"line":93,"column":0},"end":{"line":93,"column":36}},"93":{"start":{"line":94,"column":0},"end":{"line":94,"column":3}},"95":{"start":{"line":96,"column":0},"end":{"line":96,"column":10}},"96":{"start":{"line":97,"column":0},"end":{"line":97,"column":36}},"97":{"start":{"line":98,"column":0},"end":{"line":98,"column":3}},"99":{"start":{"line":100,"column":0},"end":{"line":100,"column":39}},"100":{"start":{"line":101,"column":0},"end":{"line":101,"column":33}},"101":{"start":{"line":102,"column":0},"end":{"line":102,"column":22}},"102":{"start":{"line":103,"column":0},"end":{"line":103,"column":5}},"103":{"start":{"line":104,"column":0},"end":{"line":104,"column":3}},"105":{"start":{"line":106,"column":0},"end":{"line":106,"column":27}},"106":{"start":{"line":107,"column":0},"end":{"line":107,"column":24}},"108":{"start":{"line":109,"column":0},"end":{"line":109,"column":76}},"109":{"start":{"line":110,"column":0},"end":{"line":110,"column":59}},"110":{"start":{"line":111,"column":0},"end":{"line":111,"column":55}},"111":{"start":{"line":112,"column":0},"end":{"line":112,"column":60}},"112":{"start":{"line":113,"column":0},"end":{"line":113,"column":61}},"113":{"start":{"line":114,"column":0},"end":{"line":114,"column":8}},"114":{"start":{"line":115,"column":0},"end":{"line":115,"column":22}},"115":{"start":{"line":116,"column":0},"end":{"line":116,"column":23}},"116":{"start":{"line":117,"column":0},"end":{"line":117,"column":61}},"117":{"start":{"line":118,"column":0},"end":{"line":118,"column":79}},"118":{"start":{"line":119,"column":0},"end":{"line":119,"column":10}},"120":{"start":{"line":121,"column":0},"end":{"line":121,"column":23}},"121":{"start":{"line":122,"column":0},"end":{"line":122,"column":62}},"122":{"start":{"line":123,"column":0},"end":{"line":123,"column":58}},"123":{"start":{"line":124,"column":0},"end":{"line":124,"column":65}},"124":{"start":{"line":125,"column":0},"end":{"line":125,"column":50}},"125":{"start":{"line":126,"column":0},"end":{"line":126,"column":13}},"126":{"start":{"line":127,"column":0},"end":{"line":127,"column":61}},"127":{"start":{"line":128,"column":0},"end":{"line":128,"column":48}},"128":{"start":{"line":129,"column":0},"end":{"line":129,"column":57}},"129":{"start":{"line":130,"column":0},"end":{"line":130,"column":11}},"130":{"start":{"line":131,"column":0},"end":{"line":131,"column":9}},"131":{"start":{"line":132,"column":0},"end":{"line":132,"column":7}},"132":{"start":{"line":133,"column":0},"end":{"line":133,"column":5}},"134":{"start":{"line":135,"column":0},"end":{"line":135,"column":27}},"135":{"start":{"line":136,"column":0},"end":{"line":136,"column":39}},"136":{"start":{"line":137,"column":0},"end":{"line":137,"column":5}},"137":{"start":{"line":138,"column":0},"end":{"line":138,"column":3}},"139":{"start":{"line":140,"column":0},"end":{"line":140,"column":27}},"140":{"start":{"line":141,"column":0},"end":{"line":141,"column":44}},"141":{"start":{"line":142,"column":0},"end":{"line":142,"column":81}},"142":{"start":{"line":143,"column":0},"end":{"line":143,"column":79}},"143":{"start":{"line":144,"column":0},"end":{"line":144,"column":71}},"144":{"start":{"line":145,"column":0},"end":{"line":145,"column":3}},"146":{"start":{"line":147,"column":0},"end":{"line":147,"column":52}},"147":{"start":{"line":148,"column":0},"end":{"line":148,"column":28}},"148":{"start":{"line":149,"column":0},"end":{"line":149,"column":27}},"150":{"start":{"line":151,"column":0},"end":{"line":151,"column":48}},"151":{"start":{"line":152,"column":0},"end":{"line":152,"column":3}},"153":{"start":{"line":154,"column":0},"end":{"line":154,"column":51}},"154":{"start":{"line":155,"column":0},"end":{"line":155,"column":29}},"155":{"start":{"line":156,"column":0},"end":{"line":156,"column":24}},"156":{"start":{"line":157,"column":0},"end":{"line":157,"column":56}},"157":{"start":{"line":158,"column":0},"end":{"line":158,"column":70}},"158":{"start":{"line":159,"column":0},"end":{"line":159,"column":60}},"159":{"start":{"line":160,"column":0},"end":{"line":160,"column":72}},"160":{"start":{"line":161,"column":0},"end":{"line":161,"column":7}},"161":{"start":{"line":162,"column":0},"end":{"line":162,"column":5}},"162":{"start":{"line":163,"column":0},"end":{"line":163,"column":32}},"165":{"start":{"line":166,"column":0},"end":{"line":166,"column":31}},"166":{"start":{"line":167,"column":0},"end":{"line":167,"column":32}},"168":{"start":{"line":169,"column":0},"end":{"line":169,"column":77}},"170":{"start":{"line":171,"column":0},"end":{"line":171,"column":57}},"171":{"start":{"line":172,"column":0},"end":{"line":172,"column":44}},"172":{"start":{"line":173,"column":0},"end":{"line":173,"column":53}},"173":{"start":{"line":174,"column":0},"end":{"line":174,"column":59}},"174":{"start":{"line":175,"column":0},"end":{"line":175,"column":44}},"175":{"start":{"line":176,"column":0},"end":{"line":176,"column":14}},"176":{"start":{"line":177,"column":0},"end":{"line":177,"column":96}},"177":{"start":{"line":178,"column":0},"end":{"line":178,"column":26}},"178":{"start":{"line":179,"column":0},"end":{"line":179,"column":9}},"180":{"start":{"line":181,"column":0},"end":{"line":181,"column":56}},"181":{"start":{"line":182,"column":0},"end":{"line":182,"column":47}},"182":{"start":{"line":183,"column":0},"end":{"line":183,"column":54}},"183":{"start":{"line":184,"column":0},"end":{"line":184,"column":57}},"184":{"start":{"line":185,"column":0},"end":{"line":185,"column":43}},"185":{"start":{"line":186,"column":0},"end":{"line":186,"column":51}},"187":{"start":{"line":188,"column":0},"end":{"line":188,"column":36}},"188":{"start":{"line":189,"column":0},"end":{"line":189,"column":38}},"189":{"start":{"line":190,"column":0},"end":{"line":190,"column":40}},"190":{"start":{"line":191,"column":0},"end":{"line":191,"column":9}},"191":{"start":{"line":192,"column":0},"end":{"line":192,"column":61}},"192":{"start":{"line":193,"column":0},"end":{"line":193,"column":40}},"193":{"start":{"line":194,"column":0},"end":{"line":194,"column":39}},"194":{"start":{"line":195,"column":0},"end":{"line":195,"column":39}},"195":{"start":{"line":196,"column":0},"end":{"line":196,"column":9}},"197":{"start":{"line":198,"column":0},"end":{"line":198,"column":50}},"199":{"start":{"line":200,"column":0},"end":{"line":200,"column":35}},"200":{"start":{"line":201,"column":0},"end":{"line":201,"column":38}},"201":{"start":{"line":202,"column":0},"end":{"line":202,"column":40}},"202":{"start":{"line":203,"column":0},"end":{"line":203,"column":9}},"203":{"start":{"line":204,"column":0},"end":{"line":204,"column":56}},"204":{"start":{"line":205,"column":0},"end":{"line":205,"column":40}},"205":{"start":{"line":206,"column":0},"end":{"line":206,"column":39}},"206":{"start":{"line":207,"column":0},"end":{"line":207,"column":39}},"207":{"start":{"line":208,"column":0},"end":{"line":208,"column":9}},"208":{"start":{"line":209,"column":0},"end":{"line":209,"column":7}},"209":{"start":{"line":210,"column":0},"end":{"line":210,"column":5}},"210":{"start":{"line":211,"column":0},"end":{"line":211,"column":3}},"212":{"start":{"line":213,"column":0},"end":{"line":213,"column":61}},"213":{"start":{"line":214,"column":0},"end":{"line":214,"column":57}},"214":{"start":{"line":215,"column":0},"end":{"line":215,"column":18}},"215":{"start":{"line":216,"column":0},"end":{"line":216,"column":5}},"216":{"start":{"line":217,"column":0},"end":{"line":217,"column":8}},"217":{"start":{"line":218,"column":0},"end":{"line":218,"column":33}},"218":{"start":{"line":219,"column":0},"end":{"line":219,"column":28}},"219":{"start":{"line":220,"column":0},"end":{"line":220,"column":45}},"220":{"start":{"line":221,"column":0},"end":{"line":221,"column":7}},"221":{"start":{"line":222,"column":0},"end":{"line":222,"column":64}},"222":{"start":{"line":223,"column":0},"end":{"line":223,"column":5}},"223":{"start":{"line":224,"column":0},"end":{"line":224,"column":17}},"224":{"start":{"line":225,"column":0},"end":{"line":225,"column":3}},"226":{"start":{"line":227,"column":0},"end":{"line":227,"column":28}},"227":{"start":{"line":228,"column":0},"end":{"line":228,"column":92}},"228":{"start":{"line":229,"column":0},"end":{"line":229,"column":10}},"229":{"start":{"line":230,"column":0},"end":{"line":230,"column":68}},"230":{"start":{"line":231,"column":0},"end":{"line":231,"column":71}},"231":{"start":{"line":232,"column":0},"end":{"line":232,"column":9}},"232":{"start":{"line":233,"column":0},"end":{"line":233,"column":56}},"233":{"start":{"line":234,"column":0},"end":{"line":234,"column":61}},"234":{"start":{"line":235,"column":0},"end":{"line":235,"column":10}},"235":{"start":{"line":236,"column":0},"end":{"line":236,"column":59}},"236":{"start":{"line":237,"column":0},"end":{"line":237,"column":45}},"237":{"start":{"line":238,"column":0},"end":{"line":238,"column":30}},"238":{"start":{"line":239,"column":0},"end":{"line":239,"column":72}},"239":{"start":{"line":240,"column":0},"end":{"line":240,"column":27}},"240":{"start":{"line":241,"column":0},"end":{"line":241,"column":49}},"241":{"start":{"line":242,"column":0},"end":{"line":242,"column":55}},"242":{"start":{"line":243,"column":0},"end":{"line":243,"column":13}},"243":{"start":{"line":244,"column":0},"end":{"line":244,"column":59}},"244":{"start":{"line":245,"column":0},"end":{"line":245,"column":11}},"245":{"start":{"line":246,"column":0},"end":{"line":246,"column":14}},"246":{"start":{"line":247,"column":0},"end":{"line":247,"column":60}},"247":{"start":{"line":248,"column":0},"end":{"line":248,"column":51}},"248":{"start":{"line":249,"column":0},"end":{"line":249,"column":68}},"249":{"start":{"line":250,"column":0},"end":{"line":250,"column":13}},"252":{"start":{"line":253,"column":0},"end":{"line":253,"column":52}},"254":{"start":{"line":255,"column":0},"end":{"line":255,"column":63}},"255":{"start":{"line":256,"column":0},"end":{"line":256,"column":51}},"256":{"start":{"line":257,"column":0},"end":{"line":257,"column":60}},"257":{"start":{"line":258,"column":0},"end":{"line":258,"column":65}},"258":{"start":{"line":259,"column":0},"end":{"line":259,"column":50}},"259":{"start":{"line":260,"column":0},"end":{"line":260,"column":13}},"260":{"start":{"line":261,"column":0},"end":{"line":261,"column":11}},"261":{"start":{"line":262,"column":0},"end":{"line":262,"column":9}},"262":{"start":{"line":263,"column":0},"end":{"line":263,"column":7}},"263":{"start":{"line":264,"column":0},"end":{"line":264,"column":5}},"264":{"start":{"line":265,"column":0},"end":{"line":265,"column":3}},"266":{"start":{"line":267,"column":0},"end":{"line":267,"column":51}},"267":{"start":{"line":268,"column":0},"end":{"line":268,"column":82}},"269":{"start":{"line":270,"column":0},"end":{"line":270,"column":10}},"270":{"start":{"line":271,"column":0},"end":{"line":271,"column":89}},"271":{"start":{"line":272,"column":0},"end":{"line":272,"column":86}},"272":{"start":{"line":273,"column":0},"end":{"line":273,"column":9}},"274":{"start":{"line":275,"column":0},"end":{"line":275,"column":83}},"276":{"start":{"line":277,"column":0},"end":{"line":277,"column":22}},"277":{"start":{"line":278,"column":0},"end":{"line":278,"column":9}},"278":{"start":{"line":279,"column":0},"end":{"line":279,"column":14}},"280":{"start":{"line":281,"column":0},"end":{"line":281,"column":20}},"281":{"start":{"line":282,"column":0},"end":{"line":282,"column":7}},"282":{"start":{"line":283,"column":0},"end":{"line":283,"column":5}},"284":{"start":{"line":285,"column":0},"end":{"line":285,"column":17}},"285":{"start":{"line":286,"column":0},"end":{"line":286,"column":3}},"287":{"start":{"line":288,"column":0},"end":{"line":288,"column":50}},"288":{"start":{"line":289,"column":0},"end":{"line":289,"column":86}},"289":{"start":{"line":290,"column":0},"end":{"line":290,"column":28}},"290":{"start":{"line":291,"column":0},"end":{"line":291,"column":5}},"291":{"start":{"line":292,"column":0},"end":{"line":292,"column":26}},"292":{"start":{"line":293,"column":0},"end":{"line":293,"column":3}},"293":{"start":{"line":294,"column":0},"end":{"line":294,"column":14}}},"s":{"0":0,"6":0,"7":0,"9":0,"11":0,"13":0,"15":0,"17":0,"19":0,"20":0,"21":0,"22":0,"24":0,"26":0,"27":0,"28":0,"29":0,"30":0,"31":0,"32":0,"33":0,"34":0,"35":0,"36":0,"37":0,"39":0,"40":0,"41":0,"42":0,"43":0,"44":0,"45":0,"46":0,"47":0,"48":0,"49":0,"50":0,"53":0,"54":0,"56":0,"57":0,"59":0,"61":0,"62":0,"64":0,"65":0,"67":0,"68":0,"69":0,"70":0,"71":0,"74":0,"75":0,"76":0,"77":0,"78":0,"79":0,"80":0,"81":0,"82":0,"83":0,"84":0,"86":0,"87":0,"88":0,"89":0,"91":0,"92":0,"93":0,"95":0,"96":0,"97":0,"99":0,"100":0,"101":0,"102":0,"103":0,"105":0,"106":0,"108":0,"109":0,"110":0,"111":0,"112":0,"113":0,"114":0,"115":0,"116":0,"117":0,"118":0,"120":0,"121":0,"122":0,"123":0,"124":0,"125":0,"126":0,"127":0,"128":0,"129":0,"130":0,"131":0,"132":0,"134":0,"135":0,"136":0,"137":0,"139":0,"140":0,"141":0,"142":0,"143":0,"144":0,"146":0,"147":0,"148":0,"150":0,"151":0,"153":0,"154":0,"155":0,"156":0,"157":0,"158":0,"159":0,"160":0,"161":0,"162":0,"165":0,"166":0,"168":0,"170":0,"171":0,"172":0,"173":0,"174":0,"175":0,"176":0,"177":0,"178":0,"180":0,"181":0,"182":0,"183":0,"184":0,"185":0,"187":0,"188":0,"189":0,"190":0,"191":0,"192":0,"193":0,"194":0,"195":0,"197":0,"199":0,"200":0,"201":0,"202":0,"203":0,"204":0,"205":0,"206":0,"207":0,"208":0,"209":0,"210":0,"212":0,"213":0,"214":0,"215":0,"216":0,"217":0,"218":0,"219":0,"220":0,"221":0,"222":0,"223":0,"224":0,"226":0,"227":0,"228":0,"229":0,"230":0,"231":0,"232":0,"233":0,"234":0,"235":0,"236":0,"237":0,"238":0,"239":0,"240":0,"241":0,"242":0,"243":0,"244":0,"245":0,"246":0,"247":0,"248":0,"249":0,"252":0,"254":0,"255":0,"256":0,"257":0,"258":0,"259":0,"260":0,"261":0,"262":0,"263":0,"264":0,"266":0,"267":0,"269":0,"270":0,"271":0,"272":0,"274":0,"276":0,"277":0,"278":0,"280":0,"281":0,"282":0,"284":0,"285":0,"287":0,"288":0,"289":0,"290":0,"291":0,"292":0,"293":0},"branchMap":{"0":{"type":"branch","line":1,"loc":{"start":{"line":1,"column":10172},"end":{"line":294,"column":14}},"locations":[{"start":{"line":1,"column":10172},"end":{"line":294,"column":14}}]}},"b":{"0":[0]},"fnMap":{"0":{"name":"(empty-report)","decl":{"start":{"line":1,"column":10172},"end":{"line":294,"column":14}},"loc":{"start":{"line":1,"column":10172},"end":{"line":294,"column":14}},"line":1}},"f":{"0":0}}
,"/Users/madsbjerre/Development/dkfds-vue3/packages/utils/src/scripts/index.ts": {"path":"/Users/madsbjerre/Development/dkfds-vue3/packages/utils/src/scripts/index.ts","all":true,"statementMap":{"0":{"start":{"line":1,"column":0},"end":{"line":1,"column":55}},"1":{"start":{"line":2,"column":0},"end":{"line":2,"column":49}},"2":{"start":{"line":3,"column":0},"end":{"line":3,"column":53}},"3":{"start":{"line":4,"column":0},"end":{"line":4,"column":71}},"4":{"start":{"line":5,"column":0},"end":{"line":5,"column":47}}},"s":{"0":0,"1":0,"2":0,"3":0,"4":0},"branchMap":{"0":{"type":"branch","line":1,"loc":{"start":{"line":1,"column":279},"end":{"line":5,"column":47}},"locations":[{"start":{"line":1,"column":279},"end":{"line":5,"column":47}}]}},"b":{"0":[0]},"fnMap":{"0":{"name":"(empty-report)","decl":{"start":{"line":1,"column":279},"end":{"line":5,"column":47}},"loc":{"start":{"line":1,"column":279},"end":{"line":5,"column":47}},"line":1}},"f":{"0":0}}
,"/Users/madsbjerre/Development/dkfds-vue3/packages/utils/src/scripts/navigation.ts": {"path":"/Users/madsbjerre/Development/dkfds-vue3/packages/utils/src/scripts/navigation.ts","all":true,"statementMap":{"0":{"start":{"line":1,"column":0},"end":{"line":1,"column":39}},"2":{"start":{"line":3,"column":0},"end":{"line":3,"column":39}},"3":{"start":{"line":4,"column":0},"end":{"line":4,"column":46}},"4":{"start":{"line":5,"column":0},"end":{"line":5,"column":39}},"5":{"start":{"line":6,"column":0},"end":{"line":6,"column":32}},"6":{"start":{"line":7,"column":0},"end":{"line":7,"column":38}},"7":{"start":{"line":8,"column":0},"end":{"line":8,"column":27}},"8":{"start":{"line":9,"column":0},"end":{"line":9,"column":44}},"9":{"start":{"line":10,"column":0},"end":{"line":10,"column":52}},"11":{"start":{"line":12,"column":0},"end":{"line":12,"column":41}},"12":{"start":{"line":13,"column":0},"end":{"line":13,"column":35}},"15":{"start":{"line":16,"column":0},"end":{"line":16,"column":101}},"16":{"start":{"line":17,"column":0},"end":{"line":17,"column":40}},"17":{"start":{"line":18,"column":0},"end":{"line":18,"column":2}},"19":{"start":{"line":20,"column":0},"end":{"line":20,"column":93}},"20":{"start":{"line":21,"column":0},"end":{"line":21,"column":46}},"21":{"start":{"line":22,"column":0},"end":{"line":22,"column":68}},"22":{"start":{"line":23,"column":0},"end":{"line":23,"column":31}},"23":{"start":{"line":24,"column":0},"end":{"line":24,"column":2}},"25":{"start":{"line":26,"column":0},"end":{"line":26,"column":16}},"33":{"start":{"line":34,"column":0},"end":{"line":34,"column":18}},"34":{"start":{"line":35,"column":0},"end":{"line":35,"column":51}},"35":{"start":{"line":36,"column":0},"end":{"line":36,"column":52}},"36":{"start":{"line":37,"column":0},"end":{"line":37,"column":56}},"42":{"start":{"line":43,"column":0},"end":{"line":43,"column":73}},"48":{"start":{"line":49,"column":0},"end":{"line":49,"column":52}},"50":{"start":{"line":51,"column":0},"end":{"line":51,"column":35}},"51":{"start":{"line":52,"column":0},"end":{"line":52,"column":183}},"52":{"start":{"line":53,"column":0},"end":{"line":53,"column":99}},"53":{"start":{"line":54,"column":0},"end":{"line":54,"column":65}},"55":{"start":{"line":56,"column":0},"end":{"line":56,"column":43}},"56":{"start":{"line":57,"column":0},"end":{"line":57,"column":24}},"58":{"start":{"line":59,"column":0},"end":{"line":59,"column":26}},"59":{"start":{"line":60,"column":0},"end":{"line":60,"column":31}},"60":{"start":{"line":61,"column":0},"end":{"line":61,"column":63}},"61":{"start":{"line":62,"column":0},"end":{"line":62,"column":54}},"62":{"start":{"line":63,"column":0},"end":{"line":63,"column":56}},"63":{"start":{"line":64,"column":0},"end":{"line":64,"column":68}},"64":{"start":{"line":65,"column":0},"end":{"line":65,"column":34}},"65":{"start":{"line":66,"column":0},"end":{"line":66,"column":18}},"66":{"start":{"line":67,"column":0},"end":{"line":67,"column":11}},"67":{"start":{"line":68,"column":0},"end":{"line":68,"column":9}},"70":{"start":{"line":71,"column":0},"end":{"line":71,"column":25}},"71":{"start":{"line":72,"column":0},"end":{"line":72,"column":56}},"72":{"start":{"line":73,"column":0},"end":{"line":73,"column":31}},"73":{"start":{"line":74,"column":0},"end":{"line":74,"column":33}},"74":{"start":{"line":75,"column":0},"end":{"line":75,"column":11}},"77":{"start":{"line":78,"column":0},"end":{"line":78,"column":60}},"78":{"start":{"line":79,"column":0},"end":{"line":79,"column":29}},"79":{"start":{"line":80,"column":0},"end":{"line":80,"column":31}},"80":{"start":{"line":81,"column":0},"end":{"line":81,"column":9}},"81":{"start":{"line":82,"column":0},"end":{"line":82,"column":7}},"84":{"start":{"line":85,"column":0},"end":{"line":85,"column":31}},"85":{"start":{"line":86,"column":0},"end":{"line":86,"column":36}},"86":{"start":{"line":87,"column":0},"end":{"line":87,"column":7}},"87":{"start":{"line":88,"column":0},"end":{"line":88,"column":5}},"89":{"start":{"line":90,"column":0},"end":{"line":90,"column":12}},"90":{"start":{"line":91,"column":0},"end":{"line":91,"column":16}},"92":{"start":{"line":93,"column":0},"end":{"line":93,"column":29}},"94":{"start":{"line":95,"column":0},"end":{"line":95,"column":57}},"95":{"start":{"line":96,"column":0},"end":{"line":96,"column":8}},"97":{"start":{"line":98,"column":0},"end":{"line":98,"column":17}},"98":{"start":{"line":99,"column":0},"end":{"line":99,"column":60}},"99":{"start":{"line":100,"column":0},"end":{"line":100,"column":8}},"100":{"start":{"line":101,"column":0},"end":{"line":101,"column":6}},"101":{"start":{"line":102,"column":0},"end":{"line":102,"column":3}},"103":{"start":{"line":104,"column":0},"end":{"line":104,"column":48}},"104":{"start":{"line":105,"column":0},"end":{"line":105,"column":30}},"106":{"start":{"line":107,"column":0},"end":{"line":107,"column":96}},"108":{"start":{"line":109,"column":0},"end":{"line":109,"column":48}},"110":{"start":{"line":111,"column":0},"end":{"line":111,"column":38}},"111":{"start":{"line":112,"column":0},"end":{"line":112,"column":49}},"112":{"start":{"line":113,"column":0},"end":{"line":113,"column":7}},"114":{"start":{"line":115,"column":0},"end":{"line":115,"column":17}},"115":{"start":{"line":116,"column":0},"end":{"line":116,"column":25}},"116":{"start":{"line":117,"column":0},"end":{"line":117,"column":12}},"117":{"start":{"line":118,"column":0},"end":{"line":118,"column":26}},"118":{"start":{"line":119,"column":0},"end":{"line":119,"column":5}},"120":{"start":{"line":121,"column":0},"end":{"line":121,"column":70}},"121":{"start":{"line":122,"column":0},"end":{"line":122,"column":64}},"123":{"start":{"line":124,"column":0},"end":{"line":124,"column":32}},"126":{"start":{"line":127,"column":0},"end":{"line":127,"column":26}},"127":{"start":{"line":128,"column":0},"end":{"line":128,"column":39}},"133":{"start":{"line":134,"column":0},"end":{"line":134,"column":25}},"134":{"start":{"line":135,"column":0},"end":{"line":135,"column":5}},"136":{"start":{"line":137,"column":0},"end":{"line":137,"column":18}},"137":{"start":{"line":138,"column":0},"end":{"line":138,"column":3}},"142":{"start":{"line":143,"column":0},"end":{"line":143,"column":16}},"143":{"start":{"line":144,"column":0},"end":{"line":144,"column":23}},"146":{"start":{"line":147,"column":0},"end":{"line":147,"column":68}},"147":{"start":{"line":148,"column":0},"end":{"line":148,"column":49}},"148":{"start":{"line":149,"column":0},"end":{"line":149,"column":73}},"149":{"start":{"line":150,"column":0},"end":{"line":150,"column":67}},"150":{"start":{"line":151,"column":0},"end":{"line":151,"column":22}},"151":{"start":{"line":152,"column":0},"end":{"line":152,"column":7}},"152":{"start":{"line":153,"column":0},"end":{"line":153,"column":5}},"155":{"start":{"line":156,"column":0},"end":{"line":156,"column":17}},"157":{"start":{"line":158,"column":0},"end":{"line":158,"column":70}},"158":{"start":{"line":159,"column":0},"end":{"line":159,"column":51}},"159":{"start":{"line":160,"column":0},"end":{"line":160,"column":67}},"160":{"start":{"line":161,"column":0},"end":{"line":161,"column":7}},"162":{"start":{"line":163,"column":0},"end":{"line":163,"column":60}},"163":{"start":{"line":164,"column":0},"end":{"line":164,"column":52}},"164":{"start":{"line":165,"column":0},"end":{"line":165,"column":53}},"166":{"start":{"line":167,"column":0},"end":{"line":167,"column":38}},"167":{"start":{"line":168,"column":0},"end":{"line":168,"column":40}},"168":{"start":{"line":169,"column":0},"end":{"line":169,"column":11}},"169":{"start":{"line":170,"column":0},"end":{"line":170,"column":11}},"170":{"start":{"line":171,"column":0},"end":{"line":171,"column":7}},"172":{"start":{"line":173,"column":0},"end":{"line":173,"column":55}},"173":{"start":{"line":174,"column":0},"end":{"line":174,"column":50}},"175":{"start":{"line":176,"column":0},"end":{"line":176,"column":51}},"176":{"start":{"line":177,"column":0},"end":{"line":177,"column":38}},"177":{"start":{"line":178,"column":0},"end":{"line":178,"column":40}},"178":{"start":{"line":179,"column":0},"end":{"line":179,"column":11}},"179":{"start":{"line":180,"column":0},"end":{"line":180,"column":11}},"180":{"start":{"line":181,"column":0},"end":{"line":181,"column":7}},"182":{"start":{"line":183,"column":0},"end":{"line":183,"column":83}},"183":{"start":{"line":184,"column":0},"end":{"line":184,"column":58}},"184":{"start":{"line":185,"column":0},"end":{"line":185,"column":64}},"185":{"start":{"line":186,"column":0},"end":{"line":186,"column":7}},"186":{"start":{"line":187,"column":0},"end":{"line":187,"column":5}},"188":{"start":{"line":189,"column":0},"end":{"line":189,"column":61}},"190":{"start":{"line":191,"column":0},"end":{"line":191,"column":88}},"195":{"start":{"line":196,"column":0},"end":{"line":196,"column":47}},"196":{"start":{"line":197,"column":0},"end":{"line":197,"column":5}},"197":{"start":{"line":198,"column":0},"end":{"line":198,"column":3}},"202":{"start":{"line":203,"column":0},"end":{"line":203,"column":10}},"203":{"start":{"line":204,"column":0},"end":{"line":204,"column":53}},"204":{"start":{"line":205,"column":0},"end":{"line":205,"column":69}},"205":{"start":{"line":206,"column":0},"end":{"line":206,"column":22}},"207":{"start":{"line":208,"column":0},"end":{"line":208,"column":77}},"209":{"start":{"line":210,"column":0},"end":{"line":210,"column":28}},"214":{"start":{"line":215,"column":0},"end":{"line":215,"column":34}},"215":{"start":{"line":216,"column":0},"end":{"line":216,"column":102}},"216":{"start":{"line":217,"column":0},"end":{"line":217,"column":61}},"217":{"start":{"line":218,"column":0},"end":{"line":218,"column":57}},"218":{"start":{"line":219,"column":0},"end":{"line":219,"column":23}},"219":{"start":{"line":220,"column":0},"end":{"line":220,"column":7}},"220":{"start":{"line":221,"column":0},"end":{"line":221,"column":157}},"221":{"start":{"line":222,"column":0},"end":{"line":222,"column":28}},"222":{"start":{"line":223,"column":0},"end":{"line":223,"column":30}},"223":{"start":{"line":224,"column":0},"end":{"line":224,"column":7}},"226":{"start":{"line":227,"column":0},"end":{"line":227,"column":55}},"227":{"start":{"line":228,"column":0},"end":{"line":228,"column":67}},"230":{"start":{"line":231,"column":0},"end":{"line":231,"column":22}},"231":{"start":{"line":232,"column":0},"end":{"line":232,"column":26}},"232":{"start":{"line":233,"column":0},"end":{"line":233,"column":33}},"233":{"start":{"line":234,"column":0},"end":{"line":234,"column":29}},"234":{"start":{"line":235,"column":0},"end":{"line":235,"column":37}},"235":{"start":{"line":236,"column":0},"end":{"line":236,"column":24}},"236":{"start":{"line":237,"column":0},"end":{"line":237,"column":23}},"237":{"start":{"line":238,"column":0},"end":{"line":238,"column":8}},"238":{"start":{"line":239,"column":0},"end":{"line":239,"column":82}},"239":{"start":{"line":240,"column":0},"end":{"line":240,"column":27}},"240":{"start":{"line":241,"column":0},"end":{"line":241,"column":32}},"241":{"start":{"line":242,"column":0},"end":{"line":242,"column":32}},"242":{"start":{"line":243,"column":0},"end":{"line":243,"column":10}},"243":{"start":{"line":244,"column":0},"end":{"line":244,"column":55}},"244":{"start":{"line":245,"column":0},"end":{"line":245,"column":54}},"245":{"start":{"line":246,"column":0},"end":{"line":246,"column":7}},"248":{"start":{"line":249,"column":0},"end":{"line":249,"column":45}},"249":{"start":{"line":250,"column":0},"end":{"line":250,"column":30}},"250":{"start":{"line":251,"column":0},"end":{"line":251,"column":9}},"253":{"start":{"line":254,"column":0},"end":{"line":254,"column":47}},"254":{"start":{"line":255,"column":0},"end":{"line":255,"column":30}},"255":{"start":{"line":256,"column":0},"end":{"line":256,"column":7}},"256":{"start":{"line":257,"column":0},"end":{"line":257,"column":5}},"257":{"start":{"line":258,"column":0},"end":{"line":258,"column":3}},"262":{"start":{"line":263,"column":0},"end":{"line":263,"column":14}},"263":{"start":{"line":264,"column":0},"end":{"line":264,"column":33}},"264":{"start":{"line":265,"column":0},"end":{"line":265,"column":74}},"265":{"start":{"line":266,"column":0},"end":{"line":266,"column":5}},"267":{"start":{"line":268,"column":0},"end":{"line":268,"column":65}},"268":{"start":{"line":269,"column":0},"end":{"line":269,"column":81}},"269":{"start":{"line":270,"column":0},"end":{"line":270,"column":23}},"270":{"start":{"line":271,"column":0},"end":{"line":271,"column":28}},"271":{"start":{"line":272,"column":0},"end":{"line":272,"column":7}},"272":{"start":{"line":273,"column":0},"end":{"line":273,"column":31}},"273":{"start":{"line":274,"column":0},"end":{"line":274,"column":72}},"274":{"start":{"line":275,"column":0},"end":{"line":275,"column":7}},"275":{"start":{"line":276,"column":0},"end":{"line":276,"column":26}},"276":{"start":{"line":277,"column":0},"end":{"line":277,"column":35}},"277":{"start":{"line":278,"column":0},"end":{"line":278,"column":29}},"278":{"start":{"line":279,"column":0},"end":{"line":279,"column":7}},"279":{"start":{"line":280,"column":0},"end":{"line":280,"column":5}},"280":{"start":{"line":281,"column":0},"end":{"line":281,"column":3}},"282":{"start":{"line":283,"column":0},"end":{"line":283,"column":28}},"283":{"start":{"line":284,"column":0},"end":{"line":284,"column":74}},"284":{"start":{"line":285,"column":0},"end":{"line":285,"column":26}},"286":{"start":{"line":287,"column":0},"end":{"line":287,"column":50}},"287":{"start":{"line":288,"column":0},"end":{"line":288,"column":42}},"288":{"start":{"line":289,"column":0},"end":{"line":289,"column":37}},"289":{"start":{"line":290,"column":0},"end":{"line":290,"column":324}},"290":{"start":{"line":291,"column":0},"end":{"line":291,"column":30}},"292":{"start":{"line":293,"column":0},"end":{"line":293,"column":77}},"293":{"start":{"line":294,"column":0},"end":{"line":294,"column":21}},"294":{"start":{"line":295,"column":0},"end":{"line":295,"column":43}},"295":{"start":{"line":296,"column":0},"end":{"line":296,"column":5}},"296":{"start":{"line":297,"column":0},"end":{"line":297,"column":3}},"298":{"start":{"line":299,"column":0},"end":{"line":299,"column":28}},"299":{"start":{"line":300,"column":0},"end":{"line":300,"column":100}},"300":{"start":{"line":301,"column":0},"end":{"line":301,"column":61}},"301":{"start":{"line":302,"column":0},"end":{"line":302,"column":96}},"303":{"start":{"line":304,"column":0},"end":{"line":304,"column":30}},"306":{"start":{"line":307,"column":0},"end":{"line":307,"column":111}},"307":{"start":{"line":308,"column":0},"end":{"line":308,"column":37}},"309":{"start":{"line":310,"column":0},"end":{"line":310,"column":84}},"310":{"start":{"line":311,"column":0},"end":{"line":311,"column":24}},"311":{"start":{"line":312,"column":0},"end":{"line":312,"column":28}},"312":{"start":{"line":313,"column":0},"end":{"line":313,"column":90}},"313":{"start":{"line":314,"column":0},"end":{"line":314,"column":100}},"314":{"start":{"line":315,"column":0},"end":{"line":315,"column":56}},"315":{"start":{"line":316,"column":0},"end":{"line":316,"column":12}},"316":{"start":{"line":317,"column":0},"end":{"line":317,"column":107}},"317":{"start":{"line":318,"column":0},"end":{"line":318,"column":23}},"318":{"start":{"line":319,"column":0},"end":{"line":319,"column":89}},"319":{"start":{"line":320,"column":0},"end":{"line":320,"column":7}},"320":{"start":{"line":321,"column":0},"end":{"line":321,"column":5}},"321":{"start":{"line":322,"column":0},"end":{"line":322,"column":101}},"322":{"start":{"line":323,"column":0},"end":{"line":323,"column":88}},"325":{"start":{"line":326,"column":0},"end":{"line":326,"column":24}},"326":{"start":{"line":327,"column":0},"end":{"line":327,"column":59}},"327":{"start":{"line":328,"column":0},"end":{"line":328,"column":60}},"328":{"start":{"line":329,"column":0},"end":{"line":329,"column":42}},"329":{"start":{"line":330,"column":0},"end":{"line":330,"column":14}},"330":{"start":{"line":331,"column":0},"end":{"line":331,"column":7}},"331":{"start":{"line":332,"column":0},"end":{"line":332,"column":5}},"333":{"start":{"line":334,"column":0},"end":{"line":334,"column":39}},"335":{"start":{"line":336,"column":0},"end":{"line":336,"column":61}},"336":{"start":{"line":337,"column":0},"end":{"line":337,"column":52}},"337":{"start":{"line":338,"column":0},"end":{"line":338,"column":7}},"338":{"start":{"line":339,"column":0},"end":{"line":339,"column":39}},"339":{"start":{"line":340,"column":0},"end":{"line":340,"column":12}},"340":{"start":{"line":341,"column":0},"end":{"line":341,"column":67}},"341":{"start":{"line":342,"column":0},"end":{"line":342,"column":34}},"342":{"start":{"line":343,"column":0},"end":{"line":343,"column":61}},"343":{"start":{"line":344,"column":0},"end":{"line":344,"column":74}},"344":{"start":{"line":345,"column":0},"end":{"line":345,"column":56}},"345":{"start":{"line":346,"column":0},"end":{"line":346,"column":111}},"346":{"start":{"line":347,"column":0},"end":{"line":347,"column":78}},"348":{"start":{"line":349,"column":0},"end":{"line":349,"column":57}},"349":{"start":{"line":350,"column":0},"end":{"line":350,"column":79}},"350":{"start":{"line":351,"column":0},"end":{"line":351,"column":46}},"351":{"start":{"line":352,"column":0},"end":{"line":352,"column":13}},"352":{"start":{"line":353,"column":0},"end":{"line":353,"column":95}},"353":{"start":{"line":354,"column":0},"end":{"line":354,"column":81}},"354":{"start":{"line":355,"column":0},"end":{"line":355,"column":68}},"355":{"start":{"line":356,"column":0},"end":{"line":356,"column":136}},"356":{"start":{"line":357,"column":0},"end":{"line":357,"column":76}},"357":{"start":{"line":358,"column":0},"end":{"line":358,"column":58}},"358":{"start":{"line":359,"column":0},"end":{"line":359,"column":28}},"359":{"start":{"line":360,"column":0},"end":{"line":360,"column":63}},"360":{"start":{"line":361,"column":0},"end":{"line":361,"column":65}},"361":{"start":{"line":362,"column":0},"end":{"line":362,"column":15}},"362":{"start":{"line":363,"column":0},"end":{"line":363,"column":13}},"363":{"start":{"line":364,"column":0},"end":{"line":364,"column":41}},"364":{"start":{"line":365,"column":0},"end":{"line":365,"column":18}},"366":{"start":{"line":367,"column":0},"end":{"line":367,"column":66}},"367":{"start":{"line":368,"column":0},"end":{"line":368,"column":11}},"368":{"start":{"line":369,"column":0},"end":{"line":369,"column":80}},"369":{"start":{"line":370,"column":0},"end":{"line":370,"column":16}},"371":{"start":{"line":372,"column":0},"end":{"line":372,"column":54}},"372":{"start":{"line":373,"column":0},"end":{"line":373,"column":9}},"373":{"start":{"line":374,"column":0},"end":{"line":374,"column":7}},"374":{"start":{"line":375,"column":0},"end":{"line":375,"column":42}},"375":{"start":{"line":376,"column":0},"end":{"line":376,"column":5}},"376":{"start":{"line":377,"column":0},"end":{"line":377,"column":3}},"379":{"start":{"line":380,"column":0},"end":{"line":380,"column":57}},"380":{"start":{"line":381,"column":0},"end":{"line":381,"column":18}},"381":{"start":{"line":382,"column":0},"end":{"line":382,"column":47}},"382":{"start":{"line":383,"column":0},"end":{"line":383,"column":41}},"383":{"start":{"line":384,"column":0},"end":{"line":384,"column":52}},"384":{"start":{"line":385,"column":0},"end":{"line":385,"column":38}},"385":{"start":{"line":386,"column":0},"end":{"line":386,"column":12}},"386":{"start":{"line":387,"column":0},"end":{"line":387,"column":52}},"387":{"start":{"line":388,"column":0},"end":{"line":388,"column":5}},"388":{"start":{"line":389,"column":0},"end":{"line":389,"column":28}},"389":{"start":{"line":390,"column":0},"end":{"line":390,"column":3}},"390":{"start":{"line":391,"column":0},"end":{"line":391,"column":1}},"392":{"start":{"line":393,"column":0},"end":{"line":393,"column":26}}},"s":{"0":0,"2":0,"3":0,"4":0,"5":0,"6":0,"7":0,"8":0,"9":0,"11":0,"12":0,"15":0,"16":0,"17":0,"19":0,"20":0,"21":0,"22":0,"23":0,"25":0,"33":0,"34":0,"35":0,"36":0,"42":0,"48":0,"50":0,"51":0,"52":0,"53":0,"55":0,"56":0,"58":0,"59":0,"60":0,"61":0,"62":0,"63":0,"64":0,"65":0,"66":0,"67":0,"70":0,"71":0,"72":0,"73":0,"74":0,"77":0,"78":0,"79":0,"80":0,"81":0,"84":0,"85":0,"86":0,"87":0,"89":0,"90":0,"92":0,"94":0,"95":0,"97":0,"98":0,"99":0,"100":0,"101":0,"103":0,"104":0,"106":0,"108":0,"110":0,"111":0,"112":0,"114":0,"115":0,"116":0,"117":0,"118":0,"120":0,"121":0,"123":0,"126":0,"127":0,"133":0,"134":0,"136":0,"137":0,"142":0,"143":0,"146":0,"147":0,"148":0,"149":0,"150":0,"151":0,"152":0,"155":0,"157":0,"158":0,"159":0,"160":0,"162":0,"163":0,"164":0,"166":0,"167":0,"168":0,"169":0,"170":0,"172":0,"173":0,"175":0,"176":0,"177":0,"178":0,"179":0,"180":0,"182":0,"183":0,"184":0,"185":0,"186":0,"188":0,"190":0,"195":0,"196":0,"197":0,"202":0,"203":0,"204":0,"205":0,"207":0,"209":0,"214":0,"215":0,"216":0,"217":0,"218":0,"219":0,"220":0,"221":0,"222":0,"223":0,"226":0,"227":0,"230":0,"231":0,"232":0,"233":0,"234":0,"235":0,"236":0,"237":0,"238":0,"239":0,"240":0,"241":0,"242":0,"243":0,"244":0,"245":0,"248":0,"249":0,"250":0,"253":0,"254":0,"255":0,"256":0,"257":0,"262":0,"263":0,"264":0,"265":0,"267":0,"268":0,"269":0,"270":0,"271":0,"272":0,"273":0,"274":0,"275":0,"276":0,"277":0,"278":0,"279":0,"280":0,"282":0,"283":0,"284":0,"286":0,"287":0,"288":0,"289":0,"290":0,"292":0,"293":0,"294":0,"295":0,"296":0,"298":0,"299":0,"300":0,"301":0,"303":0,"306":0,"307":0,"309":0,"310":0,"311":0,"312":0,"313":0,"314":0,"315":0,"316":0,"317":0,"318":0,"319":0,"320":0,"321":0,"322":0,"325":0,"326":0,"327":0,"328":0,"329":0,"330":0,"331":0,"333":0,"335":0,"336":0,"337":0,"338":0,"339":0,"340":0,"341":0,"342":0,"343":0,"344":0,"345":0,"346":0,"348":0,"349":0,"350":0,"351":0,"352":0,"353":0,"354":0,"355":0,"356":0,"357":0,"358":0,"359":0,"360":0,"361":0,"362":0,"363":0,"364":0,"366":0,"367":0,"368":0,"369":0,"371":0,"372":0,"373":0,"374":0,"375":0,"376":0,"379":0,"380":0,"381":0,"382":0,"383":0,"384":0,"385":0,"386":0,"387":0,"388":0,"389":0,"390":0,"392":0},"branchMap":{"0":{"type":"branch","line":1,"loc":{"start":{"line":1,"column":14422},"end":{"line":393,"column":26}},"locations":[{"start":{"line":1,"column":14422},"end":{"line":393,"column":26}}]}},"b":{"0":[0]},"fnMap":{"0":{"name":"(empty-report)","decl":{"start":{"line":1,"column":14422},"end":{"line":393,"column":26}},"loc":{"start":{"line":1,"column":14422},"end":{"line":393,"column":26}},"line":1}},"f":{"0":0}}
,"/Users/madsbjerre/Development/dkfds-vue3/packages/utils/src/scripts/radio-toggle-content.ts": {"path":"/Users/madsbjerre/Development/dkfds-vue3/packages/utils/src/scripts/radio-toggle-content.ts","all":true,"statementMap":{"0":{"start":{"line":1,"column":0},"end":{"line":1,"column":34}},"1":{"start":{"line":2,"column":0},"end":{"line":2,"column":37}},"3":{"start":{"line":4,"column":0},"end":{"line":4,"column":26}},"5":{"start":{"line":6,"column":0},"end":{"line":6,"column":36}},"11":{"start":{"line":12,"column":0},"end":{"line":12,"column":53}},"12":{"start":{"line":13,"column":0},"end":{"line":13,"column":28}},"13":{"start":{"line":14,"column":0},"end":{"line":14,"column":81}},"14":{"start":{"line":15,"column":0},"end":{"line":15,"column":5}},"15":{"start":{"line":16,"column":0},"end":{"line":16,"column":39}},"16":{"start":{"line":17,"column":0},"end":{"line":17,"column":21}},"17":{"start":{"line":18,"column":0},"end":{"line":18,"column":92}},"18":{"start":{"line":19,"column":0},"end":{"line":19,"column":6}},"19":{"start":{"line":20,"column":0},"end":{"line":20,"column":16}},"20":{"start":{"line":21,"column":0},"end":{"line":21,"column":3}},"25":{"start":{"line":26,"column":0},"end":{"line":26,"column":10}},"26":{"start":{"line":27,"column":0},"end":{"line":27,"column":37}},"27":{"start":{"line":28,"column":0},"end":{"line":28,"column":69}},"28":{"start":{"line":29,"column":0},"end":{"line":29,"column":5}},"30":{"start":{"line":31,"column":0},"end":{"line":31,"column":38}},"31":{"start":{"line":32,"column":0},"end":{"line":32,"column":46}},"32":{"start":{"line":33,"column":0},"end":{"line":33,"column":59}},"33":{"start":{"line":34,"column":0},"end":{"line":34,"column":40}},"34":{"start":{"line":35,"column":0},"end":{"line":35,"column":9}},"35":{"start":{"line":36,"column":0},"end":{"line":36,"column":9}},"36":{"start":{"line":37,"column":0},"end":{"line":37,"column":25}},"37":{"start":{"line":38,"column":0},"end":{"line":38,"column":7}},"38":{"start":{"line":39,"column":0},"end":{"line":39,"column":3}},"44":{"start":{"line":45,"column":0},"end":{"line":45,"column":47}},"45":{"start":{"line":46,"column":0},"end":{"line":46,"column":76}},"46":{"start":{"line":47,"column":0},"end":{"line":47,"column":76}},"47":{"start":{"line":48,"column":0},"end":{"line":48,"column":76}},"48":{"start":{"line":49,"column":0},"end":{"line":49,"column":68}},"49":{"start":{"line":50,"column":0},"end":{"line":50,"column":24}},"50":{"start":{"line":51,"column":0},"end":{"line":51,"column":93}},"51":{"start":{"line":52,"column":0},"end":{"line":52,"column":10}},"52":{"start":{"line":53,"column":0},"end":{"line":53,"column":7}},"53":{"start":{"line":54,"column":0},"end":{"line":54,"column":38}},"54":{"start":{"line":55,"column":0},"end":{"line":55,"column":55}},"55":{"start":{"line":56,"column":0},"end":{"line":56,"column":14}},"56":{"start":{"line":57,"column":0},"end":{"line":57,"column":57}},"57":{"start":{"line":58,"column":0},"end":{"line":58,"column":7}},"58":{"start":{"line":59,"column":0},"end":{"line":59,"column":5}},"59":{"start":{"line":60,"column":0},"end":{"line":60,"column":3}},"66":{"start":{"line":67,"column":0},"end":{"line":67,"column":76}},"67":{"start":{"line":68,"column":0},"end":{"line":68,"column":8}},"68":{"start":{"line":69,"column":0},"end":{"line":69,"column":35}},"69":{"start":{"line":70,"column":0},"end":{"line":70,"column":40}},"70":{"start":{"line":71,"column":0},"end":{"line":71,"column":32}},"71":{"start":{"line":72,"column":0},"end":{"line":72,"column":34}},"72":{"start":{"line":73,"column":0},"end":{"line":73,"column":7}},"73":{"start":{"line":74,"column":0},"end":{"line":74,"column":62}},"74":{"start":{"line":75,"column":0},"end":{"line":75,"column":58}},"75":{"start":{"line":76,"column":0},"end":{"line":76,"column":56}},"76":{"start":{"line":77,"column":0},"end":{"line":77,"column":49}},"77":{"start":{"line":78,"column":0},"end":{"line":78,"column":5}},"78":{"start":{"line":79,"column":0},"end":{"line":79,"column":3}},"85":{"start":{"line":86,"column":0},"end":{"line":86,"column":78}},"86":{"start":{"line":87,"column":0},"end":{"line":87,"column":8}},"87":{"start":{"line":88,"column":0},"end":{"line":88,"column":35}},"88":{"start":{"line":89,"column":0},"end":{"line":89,"column":40}},"89":{"start":{"line":90,"column":0},"end":{"line":90,"column":32}},"90":{"start":{"line":91,"column":0},"end":{"line":91,"column":34}},"91":{"start":{"line":92,"column":0},"end":{"line":92,"column":7}},"92":{"start":{"line":93,"column":0},"end":{"line":93,"column":63}},"93":{"start":{"line":94,"column":0},"end":{"line":94,"column":57}},"94":{"start":{"line":95,"column":0},"end":{"line":95,"column":58}},"95":{"start":{"line":96,"column":0},"end":{"line":96,"column":50}},"96":{"start":{"line":97,"column":0},"end":{"line":97,"column":5}},"97":{"start":{"line":98,"column":0},"end":{"line":98,"column":3}},"98":{"start":{"line":99,"column":0},"end":{"line":99,"column":14}}},"s":{"0":0,"1":0,"3":0,"5":0,"11":0,"12":0,"13":0,"14":0,"15":0,"16":0,"17":0,"18":0,"19":0,"20":0,"25":0,"26":0,"27":0,"28":0,"30":0,"31":0,"32":0,"33":0,"34":0,"35":0,"36":0,"37":0,"38":0,"44":0,"45":0,"46":0,"47":0,"48":0,"49":0,"50":0,"51":0,"52":0,"53":0,"54":0,"55":0,"56":0,"57":0,"58":0,"59":0,"66":0,"67":0,"68":0,"69":0,"70":0,"71":0,"72":0,"73":0,"74":0,"75":0,"76":0,"77":0,"78":0,"85":0,"86":0,"87":0,"88":0,"89":0,"90":0,"91":0,"92":0,"93":0,"94":0,"95":0,"96":0,"97":0,"98":0},"branchMap":{"0":{"type":"branch","line":1,"loc":{"start":{"line":1,"column":3141},"end":{"line":99,"column":14}},"locations":[{"start":{"line":1,"column":3141},"end":{"line":99,"column":14}}]}},"b":{"0":[0]},"fnMap":{"0":{"name":"(empty-report)","decl":{"start":{"line":1,"column":3141},"end":{"line":99,"column":14}},"loc":{"start":{"line":1,"column":3141},"end":{"line":99,"column":14}},"line":1}},"f":{"0":0}}
,"/Users/madsbjerre/Development/dkfds-vue3/packages/utils/src/scripts/tooltip.ts": {"path":"/Users/madsbjerre/Development/dkfds-vue3/packages/utils/src/scripts/tooltip.ts","all":true,"statementMap":{"6":{"start":{"line":7,"column":0},"end":{"line":7,"column":34}},"7":{"start":{"line":8,"column":0},"end":{"line":8,"column":23}},"9":{"start":{"line":10,"column":0},"end":{"line":10,"column":59}},"10":{"start":{"line":11,"column":0},"end":{"line":11,"column":22}},"11":{"start":{"line":12,"column":0},"end":{"line":12,"column":56}},"12":{"start":{"line":13,"column":0},"end":{"line":13,"column":5}},"13":{"start":{"line":14,"column":0},"end":{"line":14,"column":30}},"14":{"start":{"line":15,"column":0},"end":{"line":15,"column":61}},"15":{"start":{"line":16,"column":0},"end":{"line":16,"column":22}},"16":{"start":{"line":17,"column":0},"end":{"line":17,"column":103}},"17":{"start":{"line":18,"column":0},"end":{"line":18,"column":8}},"18":{"start":{"line":19,"column":0},"end":{"line":19,"column":5}},"19":{"start":{"line":20,"column":0},"end":{"line":20,"column":3}},"21":{"start":{"line":22,"column":0},"end":{"line":22,"column":10}},"22":{"start":{"line":23,"column":0},"end":{"line":23,"column":56}},"23":{"start":{"line":24,"column":0},"end":{"line":24,"column":46}},"24":{"start":{"line":25,"column":0},"end":{"line":25,"column":10}},"25":{"start":{"line":26,"column":0},"end":{"line":26,"column":64}},"26":{"start":{"line":27,"column":0},"end":{"line":27,"column":61}},"27":{"start":{"line":28,"column":0},"end":{"line":28,"column":9}},"28":{"start":{"line":29,"column":0},"end":{"line":29,"column":33}},"29":{"start":{"line":30,"column":0},"end":{"line":30,"column":47}},"30":{"start":{"line":31,"column":0},"end":{"line":31,"column":26}},"31":{"start":{"line":32,"column":0},"end":{"line":32,"column":60}},"32":{"start":{"line":33,"column":0},"end":{"line":33,"column":58}},"34":{"start":{"line":35,"column":0},"end":{"line":35,"column":80}},"35":{"start":{"line":36,"column":0},"end":{"line":36,"column":43}},"36":{"start":{"line":37,"column":0},"end":{"line":37,"column":11}},"37":{"start":{"line":38,"column":0},"end":{"line":38,"column":16}},"38":{"start":{"line":39,"column":0},"end":{"line":39,"column":7}},"39":{"start":{"line":40,"column":0},"end":{"line":40,"column":7}},"41":{"start":{"line":42,"column":0},"end":{"line":42,"column":56}},"42":{"start":{"line":43,"column":0},"end":{"line":43,"column":46}},"43":{"start":{"line":44,"column":0},"end":{"line":44,"column":56}},"44":{"start":{"line":45,"column":0},"end":{"line":45,"column":50}},"45":{"start":{"line":46,"column":0},"end":{"line":46,"column":67}},"46":{"start":{"line":47,"column":0},"end":{"line":47,"column":25}},"47":{"start":{"line":48,"column":0},"end":{"line":48,"column":24}},"48":{"start":{"line":49,"column":0},"end":{"line":49,"column":9}},"49":{"start":{"line":50,"column":0},"end":{"line":50,"column":66}},"50":{"start":{"line":51,"column":0},"end":{"line":51,"column":38}},"51":{"start":{"line":52,"column":0},"end":{"line":52,"column":49}},"52":{"start":{"line":53,"column":0},"end":{"line":53,"column":9}},"53":{"start":{"line":54,"column":0},"end":{"line":54,"column":7}},"54":{"start":{"line":55,"column":0},"end":{"line":55,"column":7}},"56":{"start":{"line":57,"column":0},"end":{"line":57,"column":51}},"57":{"start":{"line":58,"column":0},"end":{"line":58,"column":46}},"58":{"start":{"line":59,"column":0},"end":{"line":59,"column":31}},"59":{"start":{"line":60,"column":0},"end":{"line":60,"column":65}},"60":{"start":{"line":61,"column":0},"end":{"line":61,"column":23}},"61":{"start":{"line":62,"column":0},"end":{"line":62,"column":17}},"62":{"start":{"line":63,"column":0},"end":{"line":63,"column":9}},"63":{"start":{"line":64,"column":0},"end":{"line":64,"column":64}},"64":{"start":{"line":65,"column":0},"end":{"line":65,"column":40}},"65":{"start":{"line":66,"column":0},"end":{"line":66,"column":52}},"66":{"start":{"line":67,"column":0},"end":{"line":67,"column":9}},"67":{"start":{"line":68,"column":0},"end":{"line":68,"column":43}},"68":{"start":{"line":69,"column":0},"end":{"line":69,"column":52}},"69":{"start":{"line":70,"column":0},"end":{"line":70,"column":7}},"70":{"start":{"line":71,"column":0},"end":{"line":71,"column":7}},"72":{"start":{"line":73,"column":0},"end":{"line":73,"column":72}},"73":{"start":{"line":74,"column":0},"end":{"line":74,"column":53}},"74":{"start":{"line":75,"column":0},"end":{"line":75,"column":48}},"75":{"start":{"line":76,"column":0},"end":{"line":76,"column":33}},"76":{"start":{"line":77,"column":0},"end":{"line":77,"column":47}},"77":{"start":{"line":78,"column":0},"end":{"line":78,"column":50}},"78":{"start":{"line":79,"column":0},"end":{"line":79,"column":64}},"79":{"start":{"line":80,"column":0},"end":{"line":80,"column":17}},"80":{"start":{"line":81,"column":0},"end":{"line":81,"column":9}},"81":{"start":{"line":82,"column":0},"end":{"line":82,"column":33}},"82":{"start":{"line":83,"column":0},"end":{"line":83,"column":9}},"83":{"start":{"line":84,"column":0},"end":{"line":84,"column":5}},"85":{"start":{"line":86,"column":0},"end":{"line":86,"column":97}},"86":{"start":{"line":87,"column":0},"end":{"line":87,"column":94}},"87":{"start":{"line":88,"column":0},"end":{"line":88,"column":3}},"92":{"start":{"line":93,"column":0},"end":{"line":93,"column":14}},"93":{"start":{"line":94,"column":0},"end":{"line":94,"column":80}},"94":{"start":{"line":95,"column":0},"end":{"line":95,"column":50}},"95":{"start":{"line":96,"column":0},"end":{"line":96,"column":66}},"96":{"start":{"line":97,"column":0},"end":{"line":97,"column":20}},"97":{"start":{"line":98,"column":0},"end":{"line":98,"column":15}},"98":{"start":{"line":99,"column":0},"end":{"line":99,"column":7}},"99":{"start":{"line":100,"column":0},"end":{"line":100,"column":54}},"100":{"start":{"line":101,"column":0},"end":{"line":101,"column":73}},"101":{"start":{"line":102,"column":0},"end":{"line":102,"column":5}},"102":{"start":{"line":103,"column":0},"end":{"line":103,"column":3}},"104":{"start":{"line":105,"column":0},"end":{"line":105,"column":36}},"105":{"start":{"line":106,"column":0},"end":{"line":106,"column":71}},"107":{"start":{"line":108,"column":0},"end":{"line":108,"column":53}},"109":{"start":{"line":110,"column":0},"end":{"line":110,"column":39}},"111":{"start":{"line":112,"column":0},"end":{"line":112,"column":43}},"112":{"start":{"line":113,"column":0},"end":{"line":113,"column":3}},"120":{"start":{"line":121,"column":0},"end":{"line":121,"column":68}},"121":{"start":{"line":122,"column":0},"end":{"line":122,"column":50}},"122":{"start":{"line":123,"column":0},"end":{"line":123,"column":41}},"123":{"start":{"line":124,"column":0},"end":{"line":124,"column":70}},"124":{"start":{"line":125,"column":0},"end":{"line":125,"column":47}},"125":{"start":{"line":126,"column":0},"end":{"line":126,"column":35}},"126":{"start":{"line":127,"column":0},"end":{"line":127,"column":44}},"127":{"start":{"line":128,"column":0},"end":{"line":128,"column":45}},"128":{"start":{"line":129,"column":0},"end":{"line":129,"column":49}},"130":{"start":{"line":131,"column":0},"end":{"line":131,"column":55}},"131":{"start":{"line":132,"column":0},"end":{"line":132,"column":39}},"133":{"start":{"line":134,"column":0},"end":{"line":134,"column":55}},"134":{"start":{"line":135,"column":0},"end":{"line":135,"column":45}},"135":{"start":{"line":136,"column":0},"end":{"line":136,"column":43}},"137":{"start":{"line":138,"column":0},"end":{"line":138,"column":57}},"138":{"start":{"line":139,"column":0},"end":{"line":139,"column":49}},"139":{"start":{"line":140,"column":0},"end":{"line":140,"column":74}},"140":{"start":{"line":141,"column":0},"end":{"line":141,"column":45}},"141":{"start":{"line":142,"column":0},"end":{"line":142,"column":38}},"143":{"start":{"line":144,"column":0},"end":{"line":144,"column":19}},"144":{"start":{"line":145,"column":0},"end":{"line":145,"column":3}},"157":{"start":{"line":158,"column":0},"end":{"line":158,"column":73}},"158":{"start":{"line":159,"column":0},"end":{"line":159,"column":27}},"159":{"start":{"line":160,"column":0},"end":{"line":160,"column":59}},"161":{"start":{"line":162,"column":0},"end":{"line":162,"column":56}},"162":{"start":{"line":163,"column":0},"end":{"line":163,"column":20}},"164":{"start":{"line":165,"column":0},"end":{"line":165,"column":13}},"165":{"start":{"line":166,"column":0},"end":{"line":166,"column":61}},"167":{"start":{"line":168,"column":0},"end":{"line":168,"column":45}},"169":{"start":{"line":170,"column":0},"end":{"line":170,"column":32}},"170":{"start":{"line":171,"column":0},"end":{"line":171,"column":78}},"172":{"start":{"line":173,"column":0},"end":{"line":173,"column":27}},"173":{"start":{"line":174,"column":0},"end":{"line":174,"column":39}},"174":{"start":{"line":175,"column":0},"end":{"line":175,"column":28}},"175":{"start":{"line":176,"column":0},"end":{"line":176,"column":5}},"178":{"start":{"line":179,"column":0},"end":{"line":179,"column":19}},"179":{"start":{"line":180,"column":0},"end":{"line":180,"column":18}},"180":{"start":{"line":181,"column":0},"end":{"line":181,"column":79}},"181":{"start":{"line":182,"column":0},"end":{"line":182,"column":38}},"182":{"start":{"line":183,"column":0},"end":{"line":183,"column":81}},"183":{"start":{"line":184,"column":0},"end":{"line":184,"column":7}},"184":{"start":{"line":185,"column":0},"end":{"line":185,"column":73}},"185":{"start":{"line":186,"column":0},"end":{"line":186,"column":46}},"186":{"start":{"line":187,"column":0},"end":{"line":187,"column":5}},"189":{"start":{"line":190,"column":0},"end":{"line":190,"column":59}},"190":{"start":{"line":191,"column":0},"end":{"line":191,"column":59}},"191":{"start":{"line":192,"column":0},"end":{"line":192,"column":30}},"192":{"start":{"line":193,"column":0},"end":{"line":193,"column":5}},"195":{"start":{"line":196,"column":0},"end":{"line":196,"column":18}},"196":{"start":{"line":197,"column":0},"end":{"line":197,"column":39}},"197":{"start":{"line":198,"column":0},"end":{"line":198,"column":28}},"198":{"start":{"line":199,"column":0},"end":{"line":199,"column":5}},"200":{"start":{"line":201,"column":0},"end":{"line":201,"column":50}},"202":{"start":{"line":203,"column":0},"end":{"line":203,"column":40}},"203":{"start":{"line":204,"column":0},"end":{"line":204,"column":80}},"204":{"start":{"line":205,"column":0},"end":{"line":205,"column":38}},"206":{"start":{"line":207,"column":0},"end":{"line":207,"column":32}},"207":{"start":{"line":208,"column":0},"end":{"line":208,"column":77}},"209":{"start":{"line":210,"column":0},"end":{"line":210,"column":7}},"210":{"start":{"line":211,"column":0},"end":{"line":211,"column":73}},"211":{"start":{"line":212,"column":0},"end":{"line":212,"column":48}},"213":{"start":{"line":214,"column":0},"end":{"line":214,"column":94}},"214":{"start":{"line":215,"column":0},"end":{"line":215,"column":12}},"216":{"start":{"line":217,"column":0},"end":{"line":217,"column":39}},"217":{"start":{"line":218,"column":0},"end":{"line":218,"column":5}},"219":{"start":{"line":220,"column":0},"end":{"line":220,"column":49}},"220":{"start":{"line":221,"column":0},"end":{"line":221,"column":85}},"221":{"start":{"line":222,"column":0},"end":{"line":222,"column":3}},"223":{"start":{"line":224,"column":0},"end":{"line":224,"column":49}},"224":{"start":{"line":225,"column":0},"end":{"line":225,"column":91}},"225":{"start":{"line":226,"column":0},"end":{"line":226,"column":8}},"226":{"start":{"line":227,"column":0},"end":{"line":227,"column":14}},"227":{"start":{"line":228,"column":0},"end":{"line":228,"column":49}},"228":{"start":{"line":229,"column":0},"end":{"line":229,"column":47}},"229":{"start":{"line":230,"column":0},"end":{"line":230,"column":53}},"230":{"start":{"line":231,"column":0},"end":{"line":231,"column":7}},"231":{"start":{"line":232,"column":0},"end":{"line":232,"column":68}},"232":{"start":{"line":233,"column":0},"end":{"line":233,"column":52}},"233":{"start":{"line":234,"column":0},"end":{"line":234,"column":47}},"234":{"start":{"line":235,"column":0},"end":{"line":235,"column":65}},"235":{"start":{"line":236,"column":0},"end":{"line":236,"column":10}},"236":{"start":{"line":237,"column":0},"end":{"line":237,"column":23}},"237":{"start":{"line":238,"column":0},"end":{"line":238,"column":17}},"238":{"start":{"line":239,"column":0},"end":{"line":239,"column":9}},"239":{"start":{"line":240,"column":0},"end":{"line":240,"column":55}},"240":{"start":{"line":241,"column":0},"end":{"line":241,"column":52}},"241":{"start":{"line":242,"column":0},"end":{"line":242,"column":50}},"242":{"start":{"line":243,"column":0},"end":{"line":243,"column":50}},"243":{"start":{"line":244,"column":0},"end":{"line":244,"column":47}},"244":{"start":{"line":245,"column":0},"end":{"line":245,"column":7}},"245":{"start":{"line":246,"column":0},"end":{"line":246,"column":5}},"246":{"start":{"line":247,"column":0},"end":{"line":247,"column":3}},"248":{"start":{"line":249,"column":0},"end":{"line":249,"column":35}},"249":{"start":{"line":250,"column":0},"end":{"line":250,"column":51}},"251":{"start":{"line":252,"column":0},"end":{"line":252,"column":43}},"252":{"start":{"line":253,"column":0},"end":{"line":253,"column":64}},"253":{"start":{"line":254,"column":0},"end":{"line":254,"column":6}},"254":{"start":{"line":255,"column":0},"end":{"line":255,"column":19}},"255":{"start":{"line":256,"column":0},"end":{"line":256,"column":13}},"256":{"start":{"line":257,"column":0},"end":{"line":257,"column":5}},"257":{"start":{"line":258,"column":0},"end":{"line":258,"column":43}},"259":{"start":{"line":260,"column":0},"end":{"line":260,"column":57}},"260":{"start":{"line":261,"column":0},"end":{"line":261,"column":50}},"261":{"start":{"line":262,"column":0},"end":{"line":262,"column":66}},"262":{"start":{"line":263,"column":0},"end":{"line":263,"column":23}},"263":{"start":{"line":264,"column":0},"end":{"line":264,"column":34}},"264":{"start":{"line":265,"column":0},"end":{"line":265,"column":55}},"265":{"start":{"line":266,"column":0},"end":{"line":266,"column":52}},"266":{"start":{"line":267,"column":0},"end":{"line":267,"column":7}},"267":{"start":{"line":268,"column":0},"end":{"line":268,"column":7}},"268":{"start":{"line":269,"column":0},"end":{"line":269,"column":3}},"270":{"start":{"line":271,"column":0},"end":{"line":271,"column":50}},"271":{"start":{"line":272,"column":0},"end":{"line":272,"column":63}},"272":{"start":{"line":273,"column":0},"end":{"line":273,"column":21}},"273":{"start":{"line":274,"column":0},"end":{"line":274,"column":13}},"274":{"start":{"line":275,"column":0},"end":{"line":275,"column":5}},"275":{"start":{"line":276,"column":0},"end":{"line":276,"column":62}},"276":{"start":{"line":277,"column":0},"end":{"line":277,"column":26}},"277":{"start":{"line":278,"column":0},"end":{"line":278,"column":13}},"278":{"start":{"line":279,"column":0},"end":{"line":279,"column":5}},"279":{"start":{"line":280,"column":0},"end":{"line":280,"column":81}},"280":{"start":{"line":281,"column":0},"end":{"line":281,"column":78}},"281":{"start":{"line":282,"column":0},"end":{"line":282,"column":22}},"282":{"start":{"line":283,"column":0},"end":{"line":283,"column":69}},"283":{"start":{"line":284,"column":0},"end":{"line":284,"column":41}},"284":{"start":{"line":285,"column":0},"end":{"line":285,"column":59}},"285":{"start":{"line":286,"column":0},"end":{"line":286,"column":45}},"286":{"start":{"line":287,"column":0},"end":{"line":287,"column":9}},"287":{"start":{"line":288,"column":0},"end":{"line":288,"column":7}},"288":{"start":{"line":289,"column":0},"end":{"line":289,"column":12}},"289":{"start":{"line":290,"column":0},"end":{"line":290,"column":3}},"291":{"start":{"line":292,"column":0},"end":{"line":292,"column":46}},"292":{"start":{"line":293,"column":0},"end":{"line":293,"column":63}},"293":{"start":{"line":294,"column":0},"end":{"line":294,"column":21}},"294":{"start":{"line":295,"column":0},"end":{"line":295,"column":13}},"295":{"start":{"line":296,"column":0},"end":{"line":296,"column":5}},"296":{"start":{"line":297,"column":0},"end":{"line":297,"column":62}},"298":{"start":{"line":299,"column":0},"end":{"line":299,"column":56}},"299":{"start":{"line":300,"column":0},"end":{"line":300,"column":48}},"300":{"start":{"line":301,"column":0},"end":{"line":301,"column":5}},"301":{"start":{"line":302,"column":0},"end":{"line":302,"column":48}},"302":{"start":{"line":303,"column":0},"end":{"line":303,"column":46}},"303":{"start":{"line":304,"column":0},"end":{"line":304,"column":46}},"304":{"start":{"line":305,"column":0},"end":{"line":305,"column":3}},"305":{"start":{"line":306,"column":0},"end":{"line":306,"column":14}}},"s":{"6":0,"7":0,"9":0,"10":0,"11":0,"12":0,"13":0,"14":0,"15":0,"16":0,"17":0,"18":0,"19":0,"21":0,"22":0,"23":0,"24":0,"25":0,"26":0,"27":0,"28":0,"29":0,"30":0,"31":0,"32":0,"34":0,"35":0,"36":0,"37":0,"38":0,"39":0,"41":0,"42":0,"43":0,"44":0,"45":0,"46":0,"47":0,"48":0,"49":0,"50":0,"51":0,"52":0,"53":0,"54":0,"56":0,"57":0,"58":0,"59":0,"60":0,"61":0,"62":0,"63":0,"64":0,"65":0,"66":0,"67":0,"68":0,"69":0,"70":0,"72":0,"73":0,"74":0,"75":0,"76":0,"77":0,"78":0,"79":0,"80":0,"81":0,"82":0,"83":0,"85":0,"86":0,"87":0,"92":0,"93":0,"94":0,"95":0,"96":0,"97":0,"98":0,"99":0,"100":0,"101":0,"102":0,"104":0,"105":0,"107":0,"109":0,"111":0,"112":0,"120":0,"121":0,"122":0,"123":0,"124":0,"125":0,"126":0,"127":0,"128":0,"130":0,"131":0,"133":0,"134":0,"135":0,"137":0,"138":0,"139":0,"140":0,"141":0,"143":0,"144":0,"157":0,"158":0,"159":0,"161":0,"162":0,"164":0,"165":0,"167":0,"169":0,"170":0,"172":0,"173":0,"174":0,"175":0,"178":0,"179":0,"180":0,"181":0,"182":0,"183":0,"184":0,"185":0,"186":0,"189":0,"190":0,"191":0,"192":0,"195":0,"196":0,"197":0,"198":0,"200":0,"202":0,"203":0,"204":0,"206":0,"207":0,"209":0,"210":0,"211":0,"213":0,"214":0,"216":0,"217":0,"219":0,"220":0,"221":0,"223":0,"224":0,"225":0,"226":0,"227":0,"228":0,"229":0,"230":0,"231":0,"232":0,"233":0,"234":0,"235":0,"236":0,"237":0,"238":0,"239":0,"240":0,"241":0,"242":0,"243":0,"244":0,"245":0,"246":0,"248":0,"249":0,"251":0,"252":0,"253":0,"254":0,"255":0,"256":0,"257":0,"259":0,"260":0,"261":0,"262":0,"263":0,"264":0,"265":0,"266":0,"267":0,"268":0,"270":0,"271":0,"272":0,"273":0,"274":0,"275":0,"276":0,"277":0,"278":0,"279":0,"280":0,"281":0,"282":0,"283":0,"284":0,"285":0,"286":0,"287":0,"288":0,"289":0,"291":0,"292":0,"293":0,"294":0,"295":0,"296":0,"298":0,"299":0,"300":0,"301":0,"302":0,"303":0,"304":0,"305":0},"branchMap":{"0":{"type":"branch","line":1,"loc":{"start":{"line":1,"column":10434},"end":{"line":306,"column":14}},"locations":[{"start":{"line":1,"column":10434},"end":{"line":306,"column":14}}]}},"b":{"0":[1]},"fnMap":{"0":{"name":"(empty-report)","decl":{"start":{"line":1,"column":10434},"end":{"line":306,"column":14}},"loc":{"start":{"line":1,"column":10434},"end":{"line":306,"column":14}},"line":1}},"f":{"0":1}}
,"/Users/madsbjerre/Development/dkfds-vue3/packages/utils/src/utils/file-utils.ts": {"path":"/Users/madsbjerre/Development/dkfds-vue3/packages/utils/src/utils/file-utils.ts","all":false,"statementMap":{"0":{"start":{"line":1,"column":0},"end":{"line":1,"column":71}},"2":{"start":{"line":3,"column":0},"end":{"line":3,"column":59}},"3":{"start":{"line":4,"column":0},"end":{"line":4,"column":25}},"4":{"start":{"line":5,"column":0},"end":{"line":5,"column":39}},"5":{"start":{"line":6,"column":0},"end":{"line":6,"column":3}},"6":{"start":{"line":7,"column":0},"end":{"line":7,"column":14}},"7":{"start":{"line":8,"column":0},"end":{"line":8,"column":1}},"9":{"start":{"line":10,"column":0},"end":{"line":10,"column":65}},"10":{"start":{"line":11,"column":0},"end":{"line":11,"column":47}},"12":{"start":{"line":13,"column":0},"end":{"line":13,"column":45}},"13":{"start":{"line":14,"column":0},"end":{"line":14,"column":20}},"14":{"start":{"line":15,"column":0},"end":{"line":15,"column":29}},"15":{"start":{"line":16,"column":0},"end":{"line":16,"column":17}},"17":{"start":{"line":18,"column":0},"end":{"line":18,"column":34}},"18":{"start":{"line":19,"column":0},"end":{"line":19,"column":1}},"26":{"start":{"line":27,"column":0},"end":{"line":27,"column":64}},"27":{"start":{"line":28,"column":0},"end":{"line":28,"column":36}},"28":{"start":{"line":29,"column":0},"end":{"line":29,"column":1}},"30":{"start":{"line":31,"column":0},"end":{"line":31,"column":59}},"31":{"start":{"line":32,"column":0},"end":{"line":32,"column":26}},"32":{"start":{"line":33,"column":0},"end":{"line":33,"column":12}},"33":{"start":{"line":34,"column":0},"end":{"line":34,"column":17}},"34":{"start":{"line":35,"column":0},"end":{"line":35,"column":29}},"35":{"start":{"line":36,"column":0},"end":{"line":36,"column":11}},"36":{"start":{"line":37,"column":0},"end":{"line":37,"column":11}},"37":{"start":{"line":38,"column":0},"end":{"line":38,"column":3}},"38":{"start":{"line":39,"column":0},"end":{"line":39,"column":61}},"39":{"start":{"line":40,"column":0},"end":{"line":40,"column":1}},"41":{"start":{"line":42,"column":0},"end":{"line":42,"column":52}},"42":{"start":{"line":43,"column":0},"end":{"line":43,"column":55}},"43":{"start":{"line":44,"column":0},"end":{"line":44,"column":1}}},"s":{"0":1,"2":0,"3":0,"4":0,"5":0,"6":0,"7":0,"9":1,"10":0,"12":0,"13":0,"14":0,"15":0,"17":0,"18":0,"26":1,"27":0,"28":0,"30":1,"31":0,"32":0,"33":0,"34":0,"35":0,"36":0,"37":0,"38":0,"39":0,"41":1,"42":0,"43":0},"branchMap":{},"b":{},"fnMap":{"0":{"name":"removeBrowserFileContentHeaders","decl":{"start":{"line":1,"column":7},"end":{"line":8,"column":1}},"loc":{"start":{"line":1,"column":7},"end":{"line":8,"column":1}},"line":1},"1":{"name":"downloadBlob","decl":{"start":{"line":10,"column":7},"end":{"line":19,"column":1}},"loc":{"start":{"line":10,"column":7},"end":{"line":19,"column":1}},"line":10},"2":{"name":"updateBlobType","decl":{"start":{"line":27,"column":7},"end":{"line":29,"column":1}},"loc":{"start":{"line":27,"column":7},"end":{"line":29,"column":1}},"line":27},"3":{"name":"readableFileSize","decl":{"start":{"line":31,"column":7},"end":{"line":40,"column":1}},"loc":{"start":{"line":31,"column":7},"end":{"line":40,"column":1}},"line":31},"4":{"name":"base64Decode","decl":{"start":{"line":42,"column":7},"end":{"line":44,"column":1}},"loc":{"start":{"line":42,"column":7},"end":{"line":44,"column":1}},"line":42}},"f":{"0":0,"1":0,"2":0,"3":0,"4":0}}
,"/Users/madsbjerre/Development/dkfds-vue3/packages/utils/src/utils/index.ts": {"path":"/Users/madsbjerre/Development/dkfds-vue3/packages/utils/src/utils/index.ts","all":false,"statementMap":{"0":{"start":{"line":1,"column":0},"end":{"line":1,"column":41}},"1":{"start":{"line":2,"column":0},"end":{"line":2,"column":29}},"2":{"start":{"line":3,"column":0},"end":{"line":3,"column":33}}},"s":{"0":1,"1":1,"2":1},"branchMap":{},"b":{},"fnMap":{},"f":{}}
,"/Users/madsbjerre/Development/dkfds-vue3/packages/utils/src/utils/uuid.ts": {"path":"/Users/madsbjerre/Development/dkfds-vue3/packages/utils/src/utils/uuid.ts","all":false,"statementMap":{"0":{"start":{"line":1,"column":0},"end":{"line":1,"column":32}},"1":{"start":{"line":2,"column":0},"end":{"line":2,"column":98}},"2":{"start":{"line":3,"column":0},"end":{"line":3,"column":88}},"3":{"start":{"line":4,"column":0},"end":{"line":4,"column":4}},"4":{"start":{"line":5,"column":0},"end":{"line":5,"column":1}}},"s":{"0":1011,"1":1011,"2":31341,"3":1011,"4":1011},"branchMap":{"0":{"type":"branch","line":1,"loc":{"start":{"line":1,"column":0},"end":{"line":5,"column":1}},"locations":[{"start":{"line":1,"column":0},"end":{"line":5,"column":1}}]},"1":{"type":"branch","line":2,"loc":{"start":{"line":2,"column":84},"end":{"line":3,"column":88}},"locations":[{"start":{"line":2,"column":84},"end":{"line":3,"column":88}}]}},"b":{"0":[1011],"1":[31341]},"fnMap":{"0":{"name":"uuid","decl":{"start":{"line":1,"column":0},"end":{"line":5,"column":1}},"loc":{"start":{"line":1,"column":0},"end":{"line":5,"column":1}},"line":1}},"f":{"0":1011}}
,"/Users/madsbjerre/Development/dkfds-vue3/packages/utils/src/utils/validate-utils.ts": {"path":"/Users/madsbjerre/Development/dkfds-vue3/packages/utils/src/utils/validate-utils.ts","all":false,"statementMap":{"7":{"start":{"line":8,"column":0},"end":{"line":8,"column":94}},"8":{"start":{"line":9,"column":0},"end":{"line":9,"column":26}},"9":{"start":{"line":10,"column":0},"end":{"line":10,"column":90}},"11":{"start":{"line":12,"column":0},"end":{"line":12,"column":42}},"12":{"start":{"line":13,"column":0},"end":{"line":13,"column":22}},"13":{"start":{"line":14,"column":0},"end":{"line":14,"column":5}},"14":{"start":{"line":15,"column":0},"end":{"line":15,"column":14}},"15":{"start":{"line":16,"column":0},"end":{"line":16,"column":4}},"16":{"start":{"line":17,"column":0},"end":{"line":17,"column":1}},"18":{"start":{"line":19,"column":0},"end":{"line":19,"column":73}},"19":{"start":{"line":20,"column":0},"end":{"line":20,"column":74}},"20":{"start":{"line":21,"column":0},"end":{"line":21,"column":1}},"21":{"start":{"line":22,"column":0},"end":{"line":22,"column":73}},"22":{"start":{"line":23,"column":0},"end":{"line":23,"column":84}},"23":{"start":{"line":24,"column":0},"end":{"line":24,"column":1}},"25":{"start":{"line":26,"column":0},"end":{"line":26,"column":86}},"26":{"start":{"line":27,"column":0},"end":{"line":27,"column":23}},"27":{"start":{"line":28,"column":0},"end":{"line":28,"column":82}},"28":{"start":{"line":29,"column":0},"end":{"line":29,"column":1}},"30":{"start":{"line":31,"column":0},"end":{"line":31,"column":86}},"31":{"start":{"line":32,"column":0},"end":{"line":32,"column":23}},"32":{"start":{"line":33,"column":0},"end":{"line":33,"column":82}},"33":{"start":{"line":34,"column":0},"end":{"line":34,"column":1}},"35":{"start":{"line":36,"column":0},"end":{"line":36,"column":39}},"36":{"start":{"line":37,"column":0},"end":{"line":37,"column":17}},"37":{"start":{"line":38,"column":0},"end":{"line":38,"column":16}},"38":{"start":{"line":39,"column":0},"end":{"line":39,"column":36}},"39":{"start":{"line":40,"column":0},"end":{"line":40,"column":95}},"40":{"start":{"line":41,"column":0},"end":{"line":41,"column":1}},"42":{"start":{"line":43,"column":0},"end":{"line":43,"column":52}},"43":{"start":{"line":44,"column":0},"end":{"line":44,"column":39}},"44":{"start":{"line":45,"column":0},"end":{"line":45,"column":37}},"46":{"start":{"line":47,"column":0},"end":{"line":47,"column":63}},"47":{"start":{"line":48,"column":0},"end":{"line":48,"column":1}},"49":{"start":{"line":50,"column":0},"end":{"line":50,"column":52}},"51":{"start":{"line":52,"column":0},"end":{"line":52,"column":20}},"52":{"start":{"line":53,"column":0},"end":{"line":53,"column":158}},"53":{"start":{"line":54,"column":0},"end":{"line":54,"column":37}},"55":{"start":{"line":56,"column":0},"end":{"line":56,"column":63}},"56":{"start":{"line":57,"column":0},"end":{"line":57,"column":1}},"58":{"start":{"line":59,"column":0},"end":{"line":59,"column":59}},"59":{"start":{"line":60,"column":0},"end":{"line":60,"column":23}},"60":{"start":{"line":61,"column":0},"end":{"line":61,"column":102}},"61":{"start":{"line":62,"column":0},"end":{"line":62,"column":8}},"62":{"start":{"line":63,"column":0},"end":{"line":63,"column":4}},"63":{"start":{"line":64,"column":0},"end":{"line":64,"column":46}},"65":{"start":{"line":66,"column":0},"end":{"line":66,"column":60}},"66":{"start":{"line":67,"column":0},"end":{"line":67,"column":1}},"68":{"start":{"line":69,"column":0},"end":{"line":69,"column":54}},"69":{"start":{"line":70,"column":0},"end":{"line":70,"column":93}},"70":{"start":{"line":71,"column":0},"end":{"line":71,"column":1}},"72":{"start":{"line":73,"column":0},"end":{"line":73,"column":54}},"73":{"start":{"line":74,"column":0},"end":{"line":74,"column":74}},"74":{"start":{"line":75,"column":0},"end":{"line":75,"column":39}},"76":{"start":{"line":77,"column":0},"end":{"line":77,"column":58}},"77":{"start":{"line":78,"column":0},"end":{"line":78,"column":1}},"79":{"start":{"line":80,"column":0},"end":{"line":80,"column":51}},"80":{"start":{"line":81,"column":0},"end":{"line":81,"column":72}},"81":{"start":{"line":82,"column":0},"end":{"line":82,"column":1}},"83":{"start":{"line":84,"column":0},"end":{"line":84,"column":53}},"84":{"start":{"line":85,"column":0},"end":{"line":85,"column":47}},"85":{"start":{"line":86,"column":0},"end":{"line":86,"column":1}},"87":{"start":{"line":88,"column":0},"end":{"line":88,"column":58}},"88":{"start":{"line":89,"column":0},"end":{"line":89,"column":26}},"89":{"start":{"line":90,"column":0},"end":{"line":90,"column":28}},"90":{"start":{"line":91,"column":0},"end":{"line":91,"column":3}},"91":{"start":{"line":92,"column":0},"end":{"line":92,"column":64}},"92":{"start":{"line":93,"column":0},"end":{"line":93,"column":77}},"93":{"start":{"line":94,"column":0},"end":{"line":94,"column":1}}},"s":{"7":1,"8":3,"9":3,"11":3,"12":2,"13":2,"14":1,"15":3,"16":3,"18":1,"19":3,"20":3,"21":1,"22":3,"23":3,"25":1,"26":3,"27":3,"28":3,"30":1,"31":3,"32":3,"33":3,"35":1,"36":3,"37":3,"38":3,"39":3,"40":3,"42":1,"43":7,"44":7,"46":7,"47":7,"49":1,"51":0,"52":0,"53":0,"55":0,"56":0,"58":1,"59":0,"60":0,"61":0,"62":0,"63":0,"65":0,"66":0,"68":1,"69":0,"70":0,"72":1,"73":0,"74":0,"76":0,"77":0,"79":1,"80":0,"81":0,"83":1,"84":0,"85":0,"87":1,"88":0,"89":0,"90":0,"91":0,"92":0,"93":0},"branchMap":{"0":{"type":"branch","line":8,"loc":{"start":{"line":8,"column":7},"end":{"line":17,"column":1}},"locations":[{"start":{"line":8,"column":7},"end":{"line":17,"column":1}}]},"1":{"type":"branch","line":9,"loc":{"start":{"line":9,"column":9},"end":{"line":16,"column":4}},"locations":[{"start":{"line":9,"column":9},"end":{"line":16,"column":4}}]},"2":{"type":"branch","line":12,"loc":{"start":{"line":12,"column":41},"end":{"line":14,"column":5}},"locations":[{"start":{"line":12,"column":41},"end":{"line":14,"column":5}}]},"3":{"type":"branch","line":14,"loc":{"start":{"line":14,"column":4},"end":{"line":15,"column":14}},"locations":[{"start":{"line":14,"column":4},"end":{"line":15,"column":14}}]},"4":{"type":"branch","line":10,"loc":{"start":{"line":10,"column":35},"end":{"line":10,"column":46}},"locations":[{"start":{"line":10,"column":35},"end":{"line":10,"column":46}}]},"5":{"type":"branch","line":10,"loc":{"start":{"line":10,"column":55},"end":{"line":10,"column":76}},"locations":[{"start":{"line":10,"column":55},"end":{"line":10,"column":76}}]},"6":{"type":"branch","line":19,"loc":{"start":{"line":19,"column":7},"end":{"line":21,"column":1}},"locations":[{"start":{"line":19,"column":7},"end":{"line":21,"column":1}}]},"7":{"type":"branch","line":20,"loc":{"start":{"line":20,"column":9},"end":{"line":20,"column":74}},"locations":[{"start":{"line":20,"column":9},"end":{"line":20,"column":74}}]},"8":{"type":"branch","line":20,"loc":{"start":{"line":20,"column":30},"end":{"line":20,"column":43}},"locations":[{"start":{"line":20,"column":30},"end":{"line":20,"column":43}}]},"9":{"type":"branch","line":20,"loc":{"start":{"line":20,"column":36},"end":{"line":20,"column":74}},"locations":[{"start":{"line":20,"column":36},"end":{"line":20,"column":74}}]},"10":{"type":"branch","line":22,"loc":{"start":{"line":22,"column":7},"end":{"line":24,"column":1}},"locations":[{"start":{"line":22,"column":7},"end":{"line":24,"column":1}}]},"11":{"type":"branch","line":23,"loc":{"start":{"line":23,"column":9},"end":{"line":23,"column":84}},"locations":[{"start":{"line":23,"column":9},"end":{"line":23,"column":84}}]},"12":{"type":"branch","line":23,"loc":{"start":{"line":23,"column":29},"end":{"line":23,"column":42}},"locations":[{"start":{"line":23,"column":29},"end":{"line":23,"column":42}}]},"13":{"type":"branch","line":23,"loc":{"start":{"line":23,"column":35},"end":{"line":23,"column":84}},"locations":[{"start":{"line":23,"column":35},"end":{"line":23,"column":84}}]},"14":{"type":"branch","line":26,"loc":{"start":{"line":26,"column":7},"end":{"line":29,"column":1}},"locations":[{"start":{"line":26,"column":7},"end":{"line":29,"column":1}}]},"15":{"type":"branch","line":27,"loc":{"start":{"line":27,"column":9},"end":{"line":28,"column":82}},"locations":[{"start":{"line":27,"column":9},"end":{"line":28,"column":82}}]},"16":{"type":"branch","line":28,"loc":{"start":{"line":28,"column":16},"end":{"line":28,"column":32}},"locations":[{"start":{"line":28,"column":16},"end":{"line":28,"column":32}}]},"17":{"type":"branch","line":28,"loc":{"start":{"line":28,"column":25},"end":{"line":28,"column":82}},"locations":[{"start":{"line":28,"column":25},"end":{"line":28,"column":82}}]},"18":{"type":"branch","line":31,"loc":{"start":{"line":31,"column":7},"end":{"line":34,"column":1}},"locations":[{"start":{"line":31,"column":7},"end":{"line":34,"column":1}}]},"19":{"type":"branch","line":32,"loc":{"start":{"line":32,"column":9},"end":{"line":33,"column":82}},"locations":[{"start":{"line":32,"column":9},"end":{"line":33,"column":82}}]},"20":{"type":"branch","line":33,"loc":{"start":{"line":33,"column":16},"end":{"line":33,"column":32}},"locations":[{"start":{"line":33,"column":16},"end":{"line":33,"column":32}}]},"21":{"type":"branch","line":33,"loc":{"start":{"line":33,"column":25},"end":{"line":33,"column":82}},"locations":[{"start":{"line":33,"column":25},"end":{"line":33,"column":82}}]},"22":{"type":"branch","line":36,"loc":{"start":{"line":36,"column":7},"end":{"line":41,"column":1}},"locations":[{"start":{"line":36,"column":7},"end":{"line":41,"column":1}}]},"23":{"type":"branch","line":40,"loc":{"start":{"line":40,"column":9},"end":{"line":40,"column":95}},"locations":[{"start":{"line":40,"column":9},"end":{"line":40,"column":95}}]},"24":{"type":"branch","line":40,"loc":{"start":{"line":40,"column":30},"end":{"line":40,"column":46}},"locations":[{"start":{"line":40,"column":30},"end":{"line":40,"column":46}}]},"25":{"type":"branch","line":40,"loc":{"start":{"line":40,"column":39},"end":{"line":40,"column":95}},"locations":[{"start":{"line":40,"column":39},"end":{"line":40,"column":95}}]},"26":{"type":"branch","line":43,"loc":{"start":{"line":43,"column":7},"end":{"line":48,"column":1}},"locations":[{"start":{"line":43,"column":7},"end":{"line":48,"column":1}}]},"27":{"type":"branch","line":47,"loc":{"start":{"line":47,"column":9},"end":{"line":47,"column":26}},"locations":[{"start":{"line":47,"column":9},"end":{"line":47,"column":26}}]},"28":{"type":"branch","line":47,"loc":{"start":{"line":47,"column":19},"end":{"line":47,"column":63}},"locations":[{"start":{"line":47,"column":19},"end":{"line":47,"column":63}}]}},"b":{"0":[3],"1":[3],"2":[2],"3":[1],"4":[7],"5":[7],"6":[3],"7":[3],"8":[2],"9":[1],"10":[3],"11":[3],"12":[1],"13":[2],"14":[3],"15":[3],"16":[2],"17":[1],"18":[3],"19":[3],"20":[2],"21":[1],"22":[3],"23":[3],"24":[1],"25":[2],"26":[7],"27":[2],"28":[5]},"fnMap":{"0":{"name":"validateAllErrorMessage","decl":{"start":{"line":8,"column":7},"end":{"line":17,"column":1}},"loc":{"start":{"line":8,"column":7},"end":{"line":17,"column":1}},"line":8},"1":{"name":"numberMax","decl":{"start":{"line":19,"column":7},"end":{"line":21,"column":1}},"loc":{"start":{"line":19,"column":7},"end":{"line":21,"column":1}},"line":19},"2":{"name":"numberMin","decl":{"start":{"line":22,"column":7},"end":{"line":24,"column":1}},"loc":{"start":{"line":22,"column":7},"end":{"line":24,"column":1}},"line":22},"3":{"name":"charactersMaxLength","decl":{"start":{"line":26,"column":7},"end":{"line":29,"column":1}},"loc":{"start":{"line":26,"column":7},"end":{"line":29,"column":1}},"line":26},"4":{"name":"charactersMinLength","decl":{"start":{"line":31,"column":7},"end":{"line":34,"column":1}},"loc":{"start":{"line":31,"column":7},"end":{"line":34,"column":1}},"line":31},"5":{"name":"charactersEqualsLength","decl":{"start":{"line":36,"column":7},"end":{"line":41,"column":1}},"loc":{"start":{"line":36,"column":7},"end":{"line":41,"column":1}},"line":36},"6":{"name":"validCVR","decl":{"start":{"line":43,"column":7},"end":{"line":48,"column":1}},"loc":{"start":{"line":43,"column":7},"end":{"line":48,"column":1}},"line":43},"7":{"name":"validCPR","decl":{"start":{"line":50,"column":7},"end":{"line":57,"column":1}},"loc":{"start":{"line":50,"column":7},"end":{"line":57,"column":1}},"line":50},"8":{"name":"validSagsnummer","decl":{"start":{"line":59,"column":7},"end":{"line":67,"column":1}},"loc":{"start":{"line":59,"column":7},"end":{"line":67,"column":1}},"line":59},"9":{"name":"hasContent","decl":{"start":{"line":69,"column":7},"end":{"line":71,"column":1}},"loc":{"start":{"line":69,"column":7},"end":{"line":71,"column":1}},"line":69},"10":{"name":"validEmail","decl":{"start":{"line":73,"column":7},"end":{"line":78,"column":1}},"loc":{"start":{"line":73,"column":7},"end":{"line":78,"column":1}},"line":73},"11":{"name":"noSpace","decl":{"start":{"line":80,"column":7},"end":{"line":82,"column":1}},"loc":{"start":{"line":80,"column":7},"end":{"line":82,"column":1}},"line":80},"12":{"name":"notEmpty","decl":{"start":{"line":84,"column":7},"end":{"line":86,"column":1}},"loc":{"start":{"line":84,"column":7},"end":{"line":86,"column":1}},"line":84},"13":{"name":"arrayHasItems","decl":{"start":{"line":88,"column":7},"end":{"line":94,"column":1}},"loc":{"start":{"line":88,"column":7},"end":{"line":94,"column":1}},"line":88}},"f":{"0":3,"1":3,"2":3,"3":3,"4":3,"5":3,"6":7,"7":0,"8":0,"9":0,"10":0,"11":0,"12":0,"13":0}}
}
